\BOOKMARK [-1][-]{part.1}{Part I Elliptic problems}{}% 1
\BOOKMARK [0][-]{chapter.1}{Motivation and basic ideas}{part.1}% 2
\BOOKMARK [1][-]{section.1.1}{Some well-known approximations of linear elliptic problems}{chapter.1}% 3
\BOOKMARK [2][-]{subsection.1.1.1}{Galerkin methods}{section.1.1}% 4
\BOOKMARK [2][-]{subsection.1.1.2}{Non-conforming P1 finite elements}{section.1.1}% 5
\BOOKMARK [2][-]{subsection.1.1.3}{Two-point flux approximation finite volumes on Cartesian meshes}{section.1.1}% 6
\BOOKMARK [1][-]{section.1.2}{Towards the gradient discretisation method}{chapter.1}% 7
\BOOKMARK [1][-]{section.1.3}{Generalisation to non-linear problems}{chapter.1}% 8
\BOOKMARK [0][-]{chapter.2}{Dirichlet boundary conditions}{part.1}% 9
\BOOKMARK [1][-]{section.2.1}{Homogeneous Dirichlet boundary conditions}{chapter.2}% 10
\BOOKMARK [2][-]{subsection.2.1.1}{Gradient discretisations}{section.2.1}% 11
\BOOKMARK [2][-]{subsection.2.1.2}{Gradient schemes for linear problems}{section.2.1}% 12
\BOOKMARK [2][-]{subsection.2.1.3}{On the notions of consistency and stability}{section.2.1}% 13
\BOOKMARK [2][-]{subsection.2.1.4}{Gradient schemes for quasi-linear problems}{section.2.1}% 14
\BOOKMARK [2][-]{subsection.2.1.5}{Gradient schemes for p-Laplace type problems: p\(1,+\)}{section.2.1}% 15
\BOOKMARK [1][-]{section.2.2}{Non-homogeneous Dirichlet boundary conditions}{chapter.2}% 16
\BOOKMARK [2][-]{subsection.2.2.1}{Gradient discretisations}{section.2.2}% 17
\BOOKMARK [2][-]{subsection.2.2.2}{Gradient schemes for linear problems}{section.2.2}% 18
\BOOKMARK [2][-]{subsection.2.2.3}{Gradient schemes for quasi-linear problems}{section.2.2}% 19
\BOOKMARK [0][-]{chapter.3}{Neumann, Fourier and mixed boundary conditions}{part.1}% 20
\BOOKMARK [1][-]{section.3.1}{Neumann boundary conditions}{chapter.3}% 21
\BOOKMARK [2][-]{subsection.3.1.1}{Gradient discretisations}{section.3.1}% 22
\BOOKMARK [2][-]{subsection.3.1.2}{Complements on trace operators}{section.3.1}% 23
\BOOKMARK [2][-]{subsection.3.1.3}{Gradient schemes for linear problems}{section.3.1}% 24
\BOOKMARK [2][-]{subsection.3.1.4}{Gradient schemes for quasi-linear problems}{section.3.1}% 25
\BOOKMARK [1][-]{section.3.2}{Fourier boundary conditions}{chapter.3}% 26
\BOOKMARK [2][-]{subsection.3.2.1}{Gradient discretisations}{section.3.2}% 27
\BOOKMARK [2][-]{subsection.3.2.2}{Gradient schemes for quasi-linear problems}{section.3.2}% 28
\BOOKMARK [1][-]{section.3.3}{Mixed boundary conditions}{chapter.3}% 29
\BOOKMARK [2][-]{subsection.3.3.1}{Gradient discretisations}{section.3.3}% 30
\BOOKMARK [2][-]{subsection.3.3.2}{Gradient schemes for linear problems}{section.3.3}% 31
\BOOKMARK [-1][-]{part.2}{Part II Parabolic problems}{}% 32
\BOOKMARK [0][-]{chapter.4}{Time-dependent problems}{part.2}% 33
\BOOKMARK [1][-]{section.4.1}{Space\205time gradient discretisation}{chapter.4}% 34
\BOOKMARK [1][-]{section.4.2}{Compactness results for space-time gradient discretisations}{chapter.4}% 35
\BOOKMARK [2][-]{subsection.4.2.1}{Averaged-in-time compactness for space-time GDs}{section.4.2}% 36
\BOOKMARK [2][-]{subsection.4.2.2}{Uniform-in-time compactness for space-time GDs}{section.4.2}% 37
\BOOKMARK [0][-]{chapter.5}{Parabolic problems}{part.2}% 38
\BOOKMARK [1][-]{section.5.1}{The gradient discretisation method for a quasi-linear parabolic problem}{chapter.5}% 39
\BOOKMARK [2][-]{subsection.5.1.1}{The continuous problem}{section.5.1}% 40
\BOOKMARK [2][-]{subsection.5.1.2}{The gradient scheme}{section.5.1}% 41
\BOOKMARK [2][-]{subsection.5.1.3}{Error estimate in the linear case}{section.5.1}% 42
\BOOKMARK [2][-]{subsection.5.1.4}{Convergence analysis in the non-linear case}{section.5.1}% 43
\BOOKMARK [1][-]{section.5.2}{Non-conservative problems}{chapter.5}% 44
\BOOKMARK [2][-]{subsection.5.2.1}{The continuous problem}{section.5.2}% 45
\BOOKMARK [2][-]{subsection.5.2.2}{Fully implicit scheme}{section.5.2}% 46
\BOOKMARK [2][-]{subsection.5.2.3}{Semi-implicit scheme}{section.5.2}% 47
\BOOKMARK [1][-]{section.5.3}{Non-linear time-dependent Leray\205Lions type problems}{chapter.5}% 48
\BOOKMARK [2][-]{subsection.5.3.1}{Model}{section.5.3}% 49
\BOOKMARK [2][-]{subsection.5.3.2}{Gradient scheme and main results}{section.5.3}% 50
\BOOKMARK [2][-]{subsection.5.3.3}{A priori estimates}{section.5.3}% 51
\BOOKMARK [2][-]{subsection.5.3.4}{Proof of the convergence results}{section.5.3}% 52
\BOOKMARK [0][-]{chapter.6}{Degenerate parabolic problems}{part.2}% 53
\BOOKMARK [1][-]{section.6.1}{The continuous problem}{chapter.6}% 54
\BOOKMARK [2][-]{subsection.6.1.1}{Hypotheses and notion of solution}{section.6.1}% 55
\BOOKMARK [2][-]{subsection.6.1.2}{A maximal monotone operator viewpoint}{section.6.1}% 56
\BOOKMARK [1][-]{section.6.2}{Gradient scheme}{chapter.6}% 57
\BOOKMARK [1][-]{section.6.3}{Estimates on the approximate solution}{chapter.6}% 58
\BOOKMARK [1][-]{section.6.4}{A first convergence theorem}{chapter.6}% 59
\BOOKMARK [1][-]{section.6.5}{Uniform-in-time, strong L2 convergence results}{chapter.6}% 60
\BOOKMARK [1][-]{section.6.6}{Auxiliary results}{chapter.6}% 61
\BOOKMARK [1][-]{section.6.7}{Proof of the uniqueness of the solution to the model}{chapter.6}% 62
\BOOKMARK [-1][-]{part.3}{Part III Examples of gradient discretisation methods}{}% 63
\BOOKMARK [0][-]{chapter.7}{Analysis tools for gradient discretisations}{part.3}% 64
\BOOKMARK [1][-]{section.7.1}{Polytopal tools}{chapter.7}% 65
\BOOKMARK [2][-]{subsection.7.1.1}{Polytopal meshes}{section.7.1}% 66
\BOOKMARK [2][-]{subsection.7.1.2}{Operators, norm and regularity factors associated with a polytopal mesh}{section.7.1}% 67
\BOOKMARK [1][-]{section.7.2}{Control of a GD by a polytopal toolbox}{chapter.7}% 68
\BOOKMARK [2][-]{subsection.7.2.1}{Dirichlet boundary conditions}{section.7.2}% 69
\BOOKMARK [2][-]{subsection.7.2.2}{Neumann and Fourier boundary conditions}{section.7.2}% 70
\BOOKMARK [2][-]{subsection.7.2.3}{Mixed boundary conditions}{section.7.2}% 71
\BOOKMARK [1][-]{section.7.3}{Local linearly exact GDs}{chapter.7}% 72
\BOOKMARK [2][-]{subsection.7.3.1}{P0-exact and P1-exact reconstructions}{section.7.3}% 73
\BOOKMARK [2][-]{subsection.7.3.2}{Definition and consistency of local linearly exact GDs for Dirichlet boundary conditions}{section.7.3}% 74
\BOOKMARK [2][-]{subsection.7.3.3}{From local to global basis functions, and matrix assembly}{section.7.3}% 75
\BOOKMARK [2][-]{subsection.7.3.4}{Barycentric condensation}{section.7.3}% 76
\BOOKMARK [2][-]{subsection.7.3.5}{Mass lumping}{section.7.3}% 77
\BOOKMARK [2][-]{subsection.7.3.6}{Non-homogeneous Dirichlet, Neumann and Fourier boundary conditions}{section.7.3}% 78
\BOOKMARK [1][-]{section.7.4}{W2,p estimate of SD for local linearly exact GDs}{chapter.7}% 79
\BOOKMARK [2][-]{subsection.7.4.1}{Functional estimates in W2,p}{section.7.4}% 80
\BOOKMARK [2][-]{subsection.7.4.2}{Application to local linearly exact GDs}{section.7.4}% 81
\BOOKMARK [1][-]{section.7.5}{Further topics on LLE GDs}{chapter.7}% 82
\BOOKMARK [2][-]{subsection.7.5.1}{LLE GDs with generalised discrete unknowns}{section.7.5}% 83
\BOOKMARK [2][-]{subsection.7.5.2}{Non-linearly exact barycentric condensation}{section.7.5}% 84
\BOOKMARK [0][-]{chapter.8}{Conforming approximations}{part.3}% 85
\BOOKMARK [1][-]{section.8.1}{Conforming Galerkin methods}{chapter.8}% 86
\BOOKMARK [2][-]{subsection.8.1.1}{Homogeneous Dirichlet boundary conditions}{section.8.1}% 87
\BOOKMARK [2][-]{subsection.8.1.2}{Non-homogeneous Neumann boundary conditions}{section.8.1}% 88
\BOOKMARK [1][-]{section.8.2}{Pk finite elements for homogeneous Dirichlet boundary conditions}{chapter.8}% 89
\BOOKMARK [2][-]{subsection.8.2.1}{Definition of Pk gradient discretisations}{section.8.2}% 90
\BOOKMARK [2][-]{subsection.8.2.2}{Properties of Pk gradient discretisations}{section.8.2}% 91
\BOOKMARK [1][-]{section.8.3}{Pk FE for non-homogeneous Dirichlet, Neumann and Fourier BCs}{chapter.8}% 92
\BOOKMARK [2][-]{subsection.8.3.1}{Non-homogeneous Dirichlet conditions}{section.8.3}% 93
\BOOKMARK [2][-]{subsection.8.3.2}{Neumann boundary conditions}{section.8.3}% 94
\BOOKMARK [2][-]{subsection.8.3.3}{Fourier conditions}{section.8.3}% 95
\BOOKMARK [1][-]{section.8.4}{Mass-lumped P1 finite elements}{chapter.8}% 96
\BOOKMARK [1][-]{section.8.5}{Vertex approximate gradient \(VAG\) methods}{chapter.8}% 97
\BOOKMARK [0][-]{chapter.9}{Non-conforming finite element methods}{part.3}% 98
\BOOKMARK [1][-]{section.9.1}{Non-conforming finite element methods for homogeneous Dirichlet BCs}{chapter.9}% 99
\BOOKMARK [2][-]{subsection.9.1.1}{Abstract framework}{section.9.1}% 100
\BOOKMARK [2][-]{subsection.9.1.2}{GDM formulation of abstract non-conforming finite element methods}{section.9.1}% 101
\BOOKMARK [1][-]{section.9.2}{Pk NCFE GDs for homogeneous Dirichlet BCs}{chapter.9}% 102
\BOOKMARK [1][-]{section.9.3}{Non-conforming P1 FE for homogeneous Dirichlet BCs}{chapter.9}% 103
\BOOKMARK [2][-]{subsection.9.3.1}{Definition of the non-conforming P1 gradient discretisation}{section.9.3}% 104
\BOOKMARK [2][-]{subsection.9.3.2}{Estimate on SD for the non-conforming P1 LLE gradient discretisation}{section.9.3}% 105
\BOOKMARK [1][-]{section.9.4}{Non-conforming P1 methods for Neumann and Fourier BCs}{chapter.9}% 106
\BOOKMARK [2][-]{subsection.9.4.1}{Neumann boundary conditions}{section.9.4}% 107
\BOOKMARK [2][-]{subsection.9.4.2}{Fourier boundary conditions}{section.9.4}% 108
\BOOKMARK [1][-]{section.9.5}{Non-conforming P1 FE for non-homogeneous Dirichlet BCs}{chapter.9}% 109
\BOOKMARK [1][-]{section.9.6}{Mass-lumped non-conforming P1 gradient discretisation}{chapter.9}% 110
\BOOKMARK [0][-]{chapter.10}{Hdiv conforming GDs from mixed finite element methods}{part.3}% 111
\BOOKMARK [1][-]{section.10.1}{Mixed finite element schemes}{chapter.10}% 112
\BOOKMARK [2][-]{subsection.10.1.1}{Presentation and error estimate}{section.10.1}% 113
\BOOKMARK [2][-]{subsection.10.1.2}{Construction and analysis of a mixed finite element GD}{section.10.1}% 114
\BOOKMARK [1][-]{section.10.2}{The particular case of the RTk mixed finite element}{chapter.10}% 115
\BOOKMARK [2][-]{subsection.10.2.1}{RTk mixed finite element gradient discretisation}{section.10.2}% 116
\BOOKMARK [2][-]{subsection.10.2.2}{Gradient discretisation from the RTk hybrid mixed finite element formulation}{section.10.2}% 117
\BOOKMARK [0][-]{chapter.11}{Discontinuous Galerkin methods}{part.3}% 118
\BOOKMARK [1][-]{section.11.1}{Discontinuous Galerkin gradient discretisation}{chapter.11}% 119
\BOOKMARK [2][-]{subsection.11.1.1}{Definition of the DGGD}{section.11.1}% 120
\BOOKMARK [2][-]{subsection.11.1.2}{Link with the symmetric interior penalty discontinuous Galerkin \(SIPG\) method}{section.11.1}% 121
\BOOKMARK [1][-]{section.11.2}{Mathematical properties of DG gradient discretisations}{chapter.11}% 122
\BOOKMARK [2][-]{subsection.11.2.1}{Preliminary results}{section.11.2}% 123
\BOOKMARK [2][-]{subsection.11.2.2}{Properties of DGGDs}{section.11.2}% 124
\BOOKMARK [1][-]{section.11.3}{Average DG gradient discretisation}{chapter.11}% 125
\BOOKMARK [0][-]{chapter.12}{The multi-point flux approximation MPFA-O scheme}{part.3}% 126
\BOOKMARK [1][-]{section.12.1}{MPFA methods, Dirichlet boundary conditions}{chapter.12}% 127
\BOOKMARK [2][-]{subsection.12.1.1}{Definition of the MPFA gradient discretisation}{section.12.1}% 128
\BOOKMARK [2][-]{subsection.12.1.2}{Preliminary lemmas}{section.12.1}% 129
\BOOKMARK [2][-]{subsection.12.1.3}{Properties of the MPFA-O gradient discretisation}{section.12.1}% 130
\BOOKMARK [1][-]{section.12.2}{MPFA-O methods, Neumann and Fourier boundary conditions}{chapter.12}% 131
\BOOKMARK [2][-]{subsection.12.2.1}{Neumann boundary conditions}{section.12.2}% 132
\BOOKMARK [2][-]{subsection.12.2.2}{Fourier boundary conditions}{section.12.2}% 133
\BOOKMARK [0][-]{chapter.13}{Hybrid mimetic mixed schemes}{part.3}% 134
\BOOKMARK [1][-]{section.13.1}{HMM methods for Dirichlet boundary conditions}{chapter.13}% 135
\BOOKMARK [2][-]{subsection.13.1.1}{Definition of HMM gradient discretisations}{section.13.1}% 136
\BOOKMARK [2][-]{subsection.13.1.2}{Preliminary lemmas}{section.13.1}% 137
\BOOKMARK [2][-]{subsection.13.1.3}{Properties of HMM gradient discretisations}{section.13.1}% 138
\BOOKMARK [1][-]{section.13.2}{HMM methods, Neumann and Fourier boundary conditions}{chapter.13}% 139
\BOOKMARK [2][-]{subsection.13.2.1}{Neumann boundary conditions}{section.13.2}% 140
\BOOKMARK [2][-]{subsection.13.2.2}{Fourier boundary conditions}{section.13.2}% 141
\BOOKMARK [1][-]{section.13.3}{HMM fluxes and link with the two-point finite volume method}{chapter.13}% 142
\BOOKMARK [1][-]{section.13.4}{A cell-centred variant of HMM schemes on -admissible meshes}{chapter.13}% 143
\BOOKMARK [1][-]{section.13.5}{The harmonic averaging points for heterogeneous domains}{chapter.13}% 144
\BOOKMARK [2][-]{subsection.13.5.1}{Harmonic interpolation coefficients}{section.13.5}% 145
\BOOKMARK [2][-]{subsection.13.5.2}{Construction of interpolation families}{section.13.5}% 146
\BOOKMARK [0][-]{chapter.14}{Nodal mimetic finite difference methods}{part.3}% 147
\BOOKMARK [1][-]{section.14.1}{Definition and properties of nMFD gradient discretisations}{chapter.14}% 148
\BOOKMARK [2][-]{subsection.14.1.1}{Preliminary lemmas}{section.14.1}% 149
\BOOKMARK [2][-]{subsection.14.1.2}{Properties of nMFD gradient discretisations}{section.14.1}% 150
\BOOKMARK [1][-]{section.14.2}{Link with discrete duality finite volume methods \(DDFV\)}{chapter.14}% 151
\BOOKMARK [-1][-]{part.4}{Part IV Appendix}{}% 152
\BOOKMARK [0][-]{appendix.A}{Gradient discretisations \205 abstract setting}{part.4}% 153
\BOOKMARK [1][-]{section.A.1}{Continuous abstract setting}{appendix.A}% 154
\BOOKMARK [2][-]{subsection.A.1.1}{Homogeneous Dirichlet BCs}{section.A.1}% 155
\BOOKMARK [2][-]{subsection.A.1.2}{Homogeneous Neumann BCs}{section.A.1}% 156
\BOOKMARK [2][-]{subsection.A.1.3}{Non-homogeneous Neumann BCs}{section.A.1}% 157
\BOOKMARK [2][-]{subsection.A.1.4}{Fourier BCs}{section.A.1}% 158
\BOOKMARK [1][-]{section.A.2}{Gradient discretisation in the abstract setting}{appendix.A}% 159
\BOOKMARK [0][-]{appendix.B}{Discrete functional analysis}{part.4}% 160
\BOOKMARK [1][-]{section.B.1}{Preliminary results}{appendix.B}% 161
\BOOKMARK [2][-]{subsection.B.1.1}{Geometrical properties of cells}{section.B.1}% 162
\BOOKMARK [2][-]{subsection.B.1.2}{Interpolant on XT}{section.B.1}% 163
\BOOKMARK [2][-]{subsection.B.1.3}{Approximation properties of T}{section.B.1}% 164
\BOOKMARK [1][-]{section.B.2}{Discrete functional analysis for Dirichlet boundary conditions}{appendix.B}% 165
\BOOKMARK [2][-]{subsection.B.2.1}{Discrete Sobolev embeddings}{section.B.2}% 166
\BOOKMARK [2][-]{subsection.B.2.2}{Compactness of T}{section.B.2}% 167
\BOOKMARK [1][-]{section.B.3}{Discrete functional analysis for Neumann and Fourier BCs}{appendix.B}% 168
\BOOKMARK [2][-]{subsection.B.3.1}{Estimates involving the reconstructed trace}{section.B.3}% 169
\BOOKMARK [2][-]{subsection.B.3.2}{Discrete Sobolev embeddings}{section.B.3}% 170
\BOOKMARK [2][-]{subsection.B.3.3}{Compactness of T and TT}{section.B.3}% 171
\BOOKMARK [1][-]{section.B.4}{Discrete functional analysis for mixed boundary condition}{appendix.B}% 172
\BOOKMARK [2][-]{subsection.B.4.1}{Discrete Sobolev embeddings}{section.B.4}% 173
\BOOKMARK [2][-]{subsection.B.4.2}{Compactness of T and TT}{section.B.4}% 174
\BOOKMARK [0][-]{appendix.C}{Discrete functional analysis for time-dependent problems}{part.4}% 175
\BOOKMARK [1][-]{section.C.1}{Averaged-in-time compactness results}{appendix.C}% 176
\BOOKMARK [1][-]{section.C.2}{Uniform-in-time compactness}{appendix.C}% 177
\BOOKMARK [0][-]{appendix.D}{Technical results}{part.4}% 178
\BOOKMARK [1][-]{section.D.1}{Standard notations, inequalities and relations}{appendix.D}% 179
\BOOKMARK [2][-]{subsection.D.1.1}{Rd and measures}{section.D.1}% 180
\BOOKMARK [2][-]{subsection.D.1.2}{Lebesgue and Sobolev spaces}{section.D.1}% 181
\BOOKMARK [2][-]{subsection.D.1.3}{H\366lder inequalities}{section.D.1}% 182
\BOOKMARK [2][-]{subsection.D.1.4}{Young inequality}{section.D.1}% 183
\BOOKMARK [2][-]{subsection.D.1.5}{Jensen inequality}{section.D.1}% 184
\BOOKMARK [2][-]{subsection.D.1.6}{Power of sums inequality}{section.D.1}% 185
\BOOKMARK [2][-]{subsection.D.1.7}{Discrete integration-by-parts \(summation-by-parts\)}{section.D.1}% 186
\BOOKMARK [1][-]{section.D.2}{Topological degree}{appendix.D}% 187
\BOOKMARK [1][-]{section.D.3}{Derivation and convergence in the sense of distributions}{appendix.D}% 188
\BOOKMARK [1][-]{section.D.4}{Weak and strong convergence results}{appendix.D}% 189
\BOOKMARK [1][-]{section.D.5}{Minty trick and convexity inequality}{appendix.D}% 190
\BOOKMARK [0][-]{appendix.E}{Some numerical examples}{part.4}% 191
\BOOKMARK [1][-]{section.E.1}{A 3D elliptic problem}{appendix.E}% 192
\BOOKMARK [1][-]{section.E.2}{ADGGD for the p-Laplace problem}{appendix.E}% 193
\BOOKMARK [2][-]{subsection.E.2.1}{The one-dimensional case}{section.E.2}% 194
\BOOKMARK [2][-]{subsection.E.2.2}{The two-dimensional case}{section.E.2}% 195
\BOOKMARK [1][-]{section.E.3}{An example of the application of the GDM to a degenerate parabolic problem}{appendix.E}% 196
\BOOKMARK [0][-]{appendix*.28}{References}{part.4}% 197
\BOOKMARK [0][-]{section*.29}{Abbreviations}{part.4}% 198
\BOOKMARK [0][-]{section*.30}{Notations}{part.4}% 199
