This is pdfTeX, Version 3.14159265-2.6-1.40.16 (TeX Live 2015) (preloaded format=pdflatex 2016.6.13)  15 MAR 2018 09:27
entering extended mode
 restricted \write18 enabled.
 %&-line parsing enabled.
**gdm
(./gdm.tex
LaTeX2e <2015/01/01>
Babel <3.9l> and hyphenation patterns for 79 languages loaded.
(./svmono.cls
Document Class: svmono 2006/10/31 v4.17 
Springer Verlag global LaTeX document class for monographs

Class Springer-SVMono Warning: Specified option or subpackage "final" 
(Springer-SVMono)              not found passing it to article class 
(Springer-SVMono)              - on input line 169.

Class Springer-SVMono Info: extra/valid Springer sub-package 
(Springer-SVMono)           not found in option list - using "global" style.
(/usr/local/texlive/2015/texmf-dist/tex/latex/base/article.cls
Document Class: article 2014/09/29 v1.4h Standard LaTeX document class
(/usr/local/texlive/2015/texmf-dist/tex/latex/base/size10.clo
File: size10.clo 2014/09/29 v1.4h Standard LaTeX file (size option)
)
\c@part=\count79
\c@section=\count80
\c@subsection=\count81
\c@subsubsection=\count82
\c@paragraph=\count83
\c@subparagraph=\count84
\c@figure=\count85
\c@table=\count86
\abovecaptionskip=\skip41
\belowcaptionskip=\skip42
\bibindent=\dimen102
)
\betweenumberspace=\dimen103
\headlineindent=\dimen104
\c@chapter=\count87
\chapstarthookwidth=\dimen105
\svitemindent=\dimen106
\verbatimindent=\dimen107
LaTeX Font Info:    Redeclaring math symbol \Gamma on input line 633.
LaTeX Font Info:    Redeclaring math symbol \Delta on input line 634.
LaTeX Font Info:    Redeclaring math symbol \Theta on input line 635.
LaTeX Font Info:    Redeclaring math symbol \Lambda on input line 636.
LaTeX Font Info:    Redeclaring math symbol \Xi on input line 637.
LaTeX Font Info:    Redeclaring math symbol \Pi on input line 638.
LaTeX Font Info:    Redeclaring math symbol \Sigma on input line 639.
LaTeX Font Info:    Redeclaring math symbol \Upsilon on input line 640.
LaTeX Font Info:    Redeclaring math symbol \Phi on input line 641.
LaTeX Font Info:    Redeclaring math symbol \Psi on input line 642.
LaTeX Font Info:    Redeclaring math symbol \Omega on input line 643.
\tocchpnum=\dimen108
\tocsecnum=\dimen109
\tocsectotal=\dimen110
\tocsubsecnum=\dimen111
\tocsubsectotal=\dimen112
\tocsubsubsecnum=\dimen113
\tocsubsubsectotal=\dimen114
\tocparanum=\dimen115
\tocparatotal=\dimen116
\tocsubparanum=\dimen117
\foot@parindent=\dimen118
\spthmsep=\dimen119
\c@theorem=\count88
\c@prob=\count89
\instindent=\dimen120
\figgap=\dimen121
\figcapgap=\dimen122
\tabcapgap=\dimen123
\c@merk=\count90
)
(/usr/local/texlive/2015/texmf-dist/tex/latex/footmisc/footmisc.sty
Package: footmisc 2011/06/06 v5.5b a miscellany of footnote facilities
\FN@temptoken=\toks14
\footnotemargin=\dimen124
\c@pp@next@reset=\count91
Package footmisc Info: Declaring symbol style bringhurst on input line 855.
Package footmisc Info: Declaring symbol style chicago on input line 863.
Package footmisc Info: Declaring symbol style wiley on input line 872.
Package footmisc Info: Declaring symbol style lamport-robust on input line 883.

Package footmisc Info: Declaring symbol style lamport* on input line 903.
Package footmisc Info: Declaring symbol style lamport*-robust on input line 924
.
)
(/usr/local/texlive/2015/texmf-dist/tex/latex/enumitem/enumitem.sty
Package: enumitem 2011/09/28 v3.5.2 Customized lists
\enitkv@toks@=\toks15
\labelindent=\skip43
\enit@outerparindent=\dimen125
\enit@toks=\toks16
\enit@inbox=\box26
\enitdp@description=\count92
)
(/usr/local/texlive/2015/texmf-dist/tex/latex/oberdiek/centernot.sty
Package: centernot 2011/07/11 v1.3 Centers the not symbol horizontally (HO)
)
(/usr/local/texlive/2015/texmf-dist/tex/latex/comment/comment.sty
\CommentStream=\write3

Excluding comment 'comment')
(/usr/local/texlive/2015/texmf-dist/tex/latex/eepic/epic.sty
Enhancements to Picture Environment. Version 1.2 - Released June 1, 1986
\@@multicnt=\count93
\d@lta=\count94
\@delta=\dimen126
\@@delta=\dimen127
\@gridcnt=\count95
\@joinkind=\count96
\@dotgap=\dimen128
\@ddotgap=\dimen129
\@x@diff=\count97
\@y@diff=\count98
\x@diff=\dimen130
\y@diff=\dimen131
\@dotbox=\box27
\num@segments=\count99
\num@segmentsi=\count100
\@datafile=\read1
) (/usr/local/texlive/2015/texmf-dist/tex/latex/eepic/eepic.sty
Extension to Epic and LaTeX. Version 1.1e - Released Dec 21, 1999
\@gphlinewidth=\count101
\@eepictcnt=\count102
\@tempdimc=\dimen132
\maxovaldiam=\dimen133
\@filltype=\box28
) (/usr/local/texlive/2015/texmf-dist/tex/latex/graphics/graphicx.sty
Package: graphicx 2014/10/28 v1.0g Enhanced LaTeX Graphics (DPC,SPQR)

(/usr/local/texlive/2015/texmf-dist/tex/latex/graphics/keyval.sty
Package: keyval 2014/10/28 v1.15 key=value parser (DPC)
\KV@toks@=\toks17
)
(/usr/local/texlive/2015/texmf-dist/tex/latex/graphics/graphics.sty
Package: graphics 2014/10/28 v1.0p Standard LaTeX Graphics (DPC,SPQR)

(/usr/local/texlive/2015/texmf-dist/tex/latex/graphics/trig.sty
Package: trig 1999/03/16 v1.09 sin cos tan (DPC)
)
(/usr/local/texlive/2015/texmf-dist/tex/latex/latexconfig/graphics.cfg
File: graphics.cfg 2010/04/23 v1.9 graphics configuration of TeX Live
)
Package graphics Info: Driver file: pdftex.def on input line 94.

(/usr/local/texlive/2015/texmf-dist/tex/latex/pdftex-def/pdftex.def
File: pdftex.def 2011/05/27 v0.06d Graphics/color for pdfTeX

(/usr/local/texlive/2015/texmf-dist/tex/generic/oberdiek/infwarerr.sty
Package: infwarerr 2010/04/08 v1.3 Providing info/warning/error messages (HO)
)
(/usr/local/texlive/2015/texmf-dist/tex/generic/oberdiek/ltxcmds.sty
Package: ltxcmds 2011/11/09 v1.22 LaTeX kernel commands for general use (HO)
)
\Gread@gobject=\count103
))
\Gin@req@height=\dimen134
\Gin@req@width=\dimen135
)
(/usr/local/texlive/2015/texmf-dist/tex/latex/graphics/color.sty
Package: color 2014/10/28 v1.1a Standard LaTeX Color (DPC)

(/usr/local/texlive/2015/texmf-dist/tex/latex/latexconfig/color.cfg
File: color.cfg 2007/01/18 v1.5 color configuration of teTeX/TeXLive
)
Package color Info: Driver file: pdftex.def on input line 142.
)
(/usr/local/texlive/2015/texmf-dist/tex/latex/tools/showkeys.sty
Package: showkeys 2014/10/28 v3.17 Show cite and label keys (DPC, MH)
)
(/usr/local/texlive/2015/texmf-dist/tex/latex/url/url.sty
\Urlmuskip=\muskip10
Package: url 2013/09/16  ver 3.4  Verb mode for urls, etc.
)
(/usr/local/texlive/2015/texmf-dist/tex/latex/amsfonts/amssymb.sty
Package: amssymb 2013/01/14 v3.01 AMS font symbols

(/usr/local/texlive/2015/texmf-dist/tex/latex/amsfonts/amsfonts.sty
Package: amsfonts 2013/01/14 v3.01 Basic AMSFonts support
\@emptytoks=\toks18
\symAMSa=\mathgroup4
\symAMSb=\mathgroup5
LaTeX Font Info:    Overwriting math alphabet `\mathfrak' in version `bold'
(Font)                  U/euf/m/n --> U/euf/b/n on input line 106.
))
(/usr/local/texlive/2015/texmf-dist/tex/latex/amsmath/amsmath.sty
Package: amsmath 2013/01/14 v2.14 AMS math features
\@mathmargin=\skip44

For additional information on amsmath, use the `?' option.
(/usr/local/texlive/2015/texmf-dist/tex/latex/amsmath/amstext.sty
Package: amstext 2000/06/29 v2.01

(/usr/local/texlive/2015/texmf-dist/tex/latex/amsmath/amsgen.sty
File: amsgen.sty 1999/11/30 v2.0
\@emptytoks=\toks19
\ex@=\dimen136
))
(/usr/local/texlive/2015/texmf-dist/tex/latex/amsmath/amsbsy.sty
Package: amsbsy 1999/11/29 v1.2d
\pmbraise@=\dimen137
)
(/usr/local/texlive/2015/texmf-dist/tex/latex/amsmath/amsopn.sty
Package: amsopn 1999/12/14 v2.01 operator names
)
\inf@bad=\count104
LaTeX Info: Redefining \frac on input line 210.
\uproot@=\count105
\leftroot@=\count106
LaTeX Info: Redefining \overline on input line 306.
\classnum@=\count107
\DOTSCASE@=\count108
LaTeX Info: Redefining \ldots on input line 378.
LaTeX Info: Redefining \dots on input line 381.
LaTeX Info: Redefining \cdots on input line 466.
\Mathstrutbox@=\box29
\strutbox@=\box30
\big@size=\dimen138
LaTeX Font Info:    Redeclaring font encoding OML on input line 566.
LaTeX Font Info:    Redeclaring font encoding OMS on input line 567.


Package amsmath Warning: Unable to redefine math accent \vec.

\macc@depth=\count109
\c@MaxMatrixCols=\count110
\dotsspace@=\muskip11
\c@parentequation=\count111
\dspbrk@lvl=\count112
\tag@help=\toks20
\row@=\count113
\column@=\count114
\maxfields@=\count115
\andhelp@=\toks21
\eqnshift@=\dimen139
\alignsep@=\dimen140
\tagshift@=\dimen141
\tagwidth@=\dimen142
\totwidth@=\dimen143
\lineht@=\dimen144
\@envbody=\toks22
\multlinegap=\skip45
\multlinetaggap=\skip46
\mathdisplay@stack=\toks23
LaTeX Info: Redefining \[ on input line 2665.
LaTeX Info: Redefining \] on input line 2666.
) (/usr/local/texlive/2015/texmf-dist/tex/latex/colortbl/colortbl.sty
Package: colortbl 2012/02/13 v1.0a Color table columns (DPC)

(/usr/local/texlive/2015/texmf-dist/tex/latex/tools/array.sty
Package: array 2014/10/28 v2.4c Tabular extension package (FMi)
\col@sep=\dimen145
\extrarowheight=\dimen146
\NC@list=\toks24
\extratabsurround=\skip47
\backup@length=\skip48
)
\everycr=\toks25
\minrowclearance=\skip49
)
(/usr/local/texlive/2015/texmf-dist/tex/latex/tools/multicol.sty
Package: multicol 2015/03/31 v1.8m multicolumn formatting (FMi)
\c@tracingmulticols=\count116
\mult@box=\box31
\multicol@leftmargin=\dimen147
\c@unbalance=\count117
\c@collectmore=\count118
\doublecol@number=\count119
\multicoltolerance=\count120
\multicolpretolerance=\count121
\full@width=\dimen148
\page@free=\dimen149
\premulticols=\dimen150
\postmulticols=\dimen151
\multicolsep=\skip50
\multicolbaselineskip=\skip51
\partial@page=\box32
\last@line=\box33
\maxbalancingoverflow=\dimen152
\mult@rightbox=\box34
\mult@grightbox=\box35
\mult@gfirstbox=\box36
\mult@firstbox=\box37
\@tempa=\box38
\@tempa=\box39
\@tempa=\box40
\@tempa=\box41
\@tempa=\box42
\@tempa=\box43
\@tempa=\box44
\@tempa=\box45
\@tempa=\box46
\@tempa=\box47
\@tempa=\box48
\@tempa=\box49
\@tempa=\box50
\@tempa=\box51
\@tempa=\box52
\@tempa=\box53
\@tempa=\box54
\c@columnbadness=\count122
\c@finalcolumnbadness=\count123
\last@try=\dimen153
\multicolovershoot=\dimen154
\multicolundershoot=\dimen155
\mult@nat@firstbox=\box55
\colbreak@box=\box56
\mc@col@check@num=\count124
)
(/usr/local/texlive/2015/texmf-dist/tex/latex/multirow/multirow.sty
\bigstrutjot=\dimen156
)
(/usr/local/texlive/2015/texmf-dist/tex/latex/tools/bm.sty
Package: bm 2014/10/28 v1.1c Bold Symbol Support (DPC/FMi)
\symboldoperators=\mathgroup6
\symboldletters=\mathgroup7
\symboldsymbols=\mathgroup8
LaTeX Font Info:    Redeclaring math alphabet \mathbf on input line 141.
LaTeX Info: Redefining \bm on input line 207.
)
(/usr/local/texlive/2015/texmf-dist/tex/latex/subfigure/subfigure.sty
Package: subfigure 2002/03/15 v2.1.5 subfigure package
\subfigtopskip=\skip52
\subfigcapskip=\skip53
\subfigcaptopadj=\dimen157
\subfigbottomskip=\skip54
\subfigcapmargin=\dimen158
\subfiglabelskip=\skip55
\c@subfigure=\count125
\c@lofdepth=\count126
\c@subtable=\count127
\c@lotdepth=\count128

****************************************
* Local config file subfigure.cfg used *
****************************************
(/usr/local/texlive/2015/texmf-dist/tex/latex/subfigure/subfigure.cfg)
\subfig@top=\skip56
\subfig@bottom=\skip57
)
(/usr/local/texlive/2015/texmf-dist/tex/latex/framed/framed.sty
Package: framed 2011/10/22 v 0.96: framed or shaded text with page breaks
\OuterFrameSep=\skip58
\fb@frw=\dimen159
\fb@frh=\dimen160
\FrameRule=\dimen161
\FrameSep=\dimen162
)
(/usr/local/texlive/2015/texmf-dist/tex/latex/tcolorbox/tcolorbox.sty
Package: tcolorbox 2015/05/07 version 3.60 text color boxes

(/usr/local/texlive/2015/texmf-dist/tex/latex/pgf/basiclayer/pgf.sty
(/usr/local/texlive/2015/texmf-dist/tex/latex/pgf/utilities/pgfrcs.sty
(/Users/raphaele/Library/texmf/tex/generic/pgf/tex/generic/pgf/utilities/pgfuti
l-common.tex
\pgfutil@everybye=\toks26
\pgfutil@tempdima=\dimen163
\pgfutil@tempdimb=\dimen164

(/Users/raphaele/Library/texmf/tex/generic/pgf/tex/generic/pgf/utilities/pgfuti
l-common-lists.tex))
(/Users/raphaele/Library/texmf/tex/generic/pgf/tex/generic/pgf/utilities/pgfuti
l-latex.def
\pgfutil@abb=\box57
 (/usr/local/texlive/2015/texmf-dist/tex/latex/ms/everyshi.sty
Package: everyshi 2001/05/15 v3.00 EveryShipout Package (MS)
))
(/Users/raphaele/Library/texmf/tex/generic/pgf/tex/generic/pgf/utilities/pgfrcs
.code.tex
Package: pgfrcs 2015/08/07 v3.0.1 (rcs-revision 1.31)
))
Package: pgf 2013/12/18 v3.0.1 (rcs-revision 1.14)

(/usr/local/texlive/2015/texmf-dist/tex/latex/pgf/basiclayer/pgfcore.sty
(/usr/local/texlive/2015/texmf-dist/tex/latex/pgf/systemlayer/pgfsys.sty
(/Users/raphaele/Library/texmf/tex/generic/pgf/tex/generic/pgf/systemlayer/pgfs
ys.code.tex
Package: pgfsys 2014/07/09 v3.0.1 (rcs-revision 1.48)

(/Users/raphaele/Library/texmf/tex/generic/pgf/tex/generic/pgf/utilities/pgfkey
s.code.tex
\pgfkeys@pathtoks=\toks27
\pgfkeys@temptoks=\toks28

(/Users/raphaele/Library/texmf/tex/generic/pgf/tex/generic/pgf/utilities/pgfkey
sfiltered.code.tex
\pgfkeys@tmptoks=\toks29
))
\pgf@x=\dimen165
\pgf@y=\dimen166
\pgf@xa=\dimen167
\pgf@ya=\dimen168
\pgf@xb=\dimen169
\pgf@yb=\dimen170
\pgf@xc=\dimen171
\pgf@yc=\dimen172
\w@pgf@writea=\write4
\r@pgf@reada=\read2
\c@pgf@counta=\count129
\c@pgf@countb=\count130
\c@pgf@countc=\count131
\c@pgf@countd=\count132
\t@pgf@toka=\toks30
\t@pgf@tokb=\toks31
\t@pgf@tokc=\toks32

(/Users/raphaele/Library/texmf/tex/generic/pgf/tex/generic/pgf/systemlayer/pgf.
cfg
File: pgf.cfg 2008/05/14  (rcs-revision 1.7)
)
Driver file for pgf: pgfsys-pdftex.def

(/Users/raphaele/Library/texmf/tex/generic/pgf/tex/generic/pgf/systemlayer/pgfs
ys-pdftex.def
File: pgfsys-pdftex.def 2014/10/11  (rcs-revision 1.35)

(/Users/raphaele/Library/texmf/tex/generic/pgf/tex/generic/pgf/systemlayer/pgfs
ys-common-pdf.def
File: pgfsys-common-pdf.def 2013/10/10  (rcs-revision 1.13)
)))
(/Users/raphaele/Library/texmf/tex/generic/pgf/tex/generic/pgf/systemlayer/pgfs
yssoftpath.code.tex
File: pgfsyssoftpath.code.tex 2013/09/09  (rcs-revision 1.9)
\pgfsyssoftpath@smallbuffer@items=\count133
\pgfsyssoftpath@bigbuffer@items=\count134
)
(/Users/raphaele/Library/texmf/tex/generic/pgf/tex/generic/pgf/systemlayer/pgfs
ysprotocol.code.tex
File: pgfsysprotocol.code.tex 2006/10/16  (rcs-revision 1.4)
))
(/usr/local/texlive/2015/texmf-dist/tex/latex/xcolor/xcolor.sty
Package: xcolor 2007/01/21 v2.11 LaTeX color extensions (UK)

(/usr/local/texlive/2015/texmf-dist/tex/latex/latexconfig/color.cfg
File: color.cfg 2007/01/18 v1.5 color configuration of teTeX/TeXLive
)
Package xcolor Info: Driver file: pdftex.def on input line 225.
LaTeX Info: Redefining \color on input line 702.
Package xcolor Info: Model `cmy' substituted by `cmy0' on input line 1337.
Package xcolor Info: Model `hsb' substituted by `rgb' on input line 1341.
Package xcolor Info: Model `RGB' extended on input line 1353.
Package xcolor Info: Model `HTML' substituted by `rgb' on input line 1355.
Package xcolor Info: Model `Hsb' substituted by `hsb' on input line 1356.
Package xcolor Info: Model `tHsb' substituted by `hsb' on input line 1357.
Package xcolor Info: Model `HSB' substituted by `hsb' on input line 1358.
Package xcolor Info: Model `Gray' substituted by `gray' on input line 1359.
Package xcolor Info: Model `wave' substituted by `hsb' on input line 1360.
)
(/Users/raphaele/Library/texmf/tex/generic/pgf/tex/generic/pgf/basiclayer/pgfco
re.code.tex
Package: pgfcore 2010/04/11 v3.0.1 (rcs-revision 1.7)

(/Users/raphaele/Library/texmf/tex/generic/pgf/tex/generic/pgf/math/pgfmath.cod
e.tex
(/Users/raphaele/Library/texmf/tex/generic/pgf/tex/generic/pgf/math/pgfmathcalc
.code.tex
(/Users/raphaele/Library/texmf/tex/generic/pgf/tex/generic/pgf/math/pgfmathutil
.code.tex)
(/Users/raphaele/Library/texmf/tex/generic/pgf/tex/generic/pgf/math/pgfmathpars
er.code.tex
\pgfmath@dimen=\dimen173
\pgfmath@count=\count135
\pgfmath@box=\box58
\pgfmath@toks=\toks33
\pgfmath@stack@operand=\toks34
\pgfmath@stack@operation=\toks35
)
(/Users/raphaele/Library/texmf/tex/generic/pgf/tex/generic/pgf/math/pgfmathfunc
tions.code.tex
(/Users/raphaele/Library/texmf/tex/generic/pgf/tex/generic/pgf/math/pgfmathfunc
tions.basic.code.tex)
(/Users/raphaele/Library/texmf/tex/generic/pgf/tex/generic/pgf/math/pgfmathfunc
tions.trigonometric.code.tex)
(/Users/raphaele/Library/texmf/tex/generic/pgf/tex/generic/pgf/math/pgfmathfunc
tions.random.code.tex)
(/Users/raphaele/Library/texmf/tex/generic/pgf/tex/generic/pgf/math/pgfmathfunc
tions.comparison.code.tex)
(/Users/raphaele/Library/texmf/tex/generic/pgf/tex/generic/pgf/math/pgfmathfunc
tions.base.code.tex)
(/Users/raphaele/Library/texmf/tex/generic/pgf/tex/generic/pgf/math/pgfmathfunc
tions.round.code.tex)
(/Users/raphaele/Library/texmf/tex/generic/pgf/tex/generic/pgf/math/pgfmathfunc
tions.misc.code.tex)
(/Users/raphaele/Library/texmf/tex/generic/pgf/tex/generic/pgf/math/pgfmathfunc
tions.integerarithmetics.code.tex)))
(/Users/raphaele/Library/texmf/tex/generic/pgf/tex/generic/pgf/math/pgfmathfloa
t.code.tex
\c@pgfmathroundto@lastzeros=\count136
))
(/Users/raphaele/Library/texmf/tex/generic/pgf/tex/generic/pgf/basiclayer/pgfco
repoints.code.tex
File: pgfcorepoints.code.tex 2013/10/07  (rcs-revision 1.27)
\pgf@picminx=\dimen174
\pgf@picmaxx=\dimen175
\pgf@picminy=\dimen176
\pgf@picmaxy=\dimen177
\pgf@pathminx=\dimen178
\pgf@pathmaxx=\dimen179
\pgf@pathminy=\dimen180
\pgf@pathmaxy=\dimen181
\pgf@xx=\dimen182
\pgf@xy=\dimen183
\pgf@yx=\dimen184
\pgf@yy=\dimen185
\pgf@zx=\dimen186
\pgf@zy=\dimen187
)
(/Users/raphaele/Library/texmf/tex/generic/pgf/tex/generic/pgf/basiclayer/pgfco
repathconstruct.code.tex
File: pgfcorepathconstruct.code.tex 2013/10/07  (rcs-revision 1.29)
\pgf@path@lastx=\dimen188
\pgf@path@lasty=\dimen189
)
(/Users/raphaele/Library/texmf/tex/generic/pgf/tex/generic/pgf/basiclayer/pgfco
repathusage.code.tex
File: pgfcorepathusage.code.tex 2014/11/02  (rcs-revision 1.24)
\pgf@shorten@end@additional=\dimen190
\pgf@shorten@start@additional=\dimen191
)
(/Users/raphaele/Library/texmf/tex/generic/pgf/tex/generic/pgf/basiclayer/pgfco
rescopes.code.tex
File: pgfcorescopes.code.tex 2015/05/08  (rcs-revision 1.46)
\pgfpic=\box59
\pgf@hbox=\box60
\pgf@layerbox@main=\box61
\pgf@picture@serial@count=\count137
)
(/Users/raphaele/Library/texmf/tex/generic/pgf/tex/generic/pgf/basiclayer/pgfco
regraphicstate.code.tex
File: pgfcoregraphicstate.code.tex 2014/11/02  (rcs-revision 1.12)
\pgflinewidth=\dimen192
)
(/Users/raphaele/Library/texmf/tex/generic/pgf/tex/generic/pgf/basiclayer/pgfco
retransformations.code.tex
File: pgfcoretransformations.code.tex 2015/08/07  (rcs-revision 1.20)
\pgf@pt@x=\dimen193
\pgf@pt@y=\dimen194
\pgf@pt@temp=\dimen195
)
(/Users/raphaele/Library/texmf/tex/generic/pgf/tex/generic/pgf/basiclayer/pgfco
requick.code.tex
File: pgfcorequick.code.tex 2008/10/09  (rcs-revision 1.3)
)
(/Users/raphaele/Library/texmf/tex/generic/pgf/tex/generic/pgf/basiclayer/pgfco
reobjects.code.tex
File: pgfcoreobjects.code.tex 2006/10/11  (rcs-revision 1.2)
)
(/Users/raphaele/Library/texmf/tex/generic/pgf/tex/generic/pgf/basiclayer/pgfco
repathprocessing.code.tex
File: pgfcorepathprocessing.code.tex 2013/09/09  (rcs-revision 1.9)
)
(/Users/raphaele/Library/texmf/tex/generic/pgf/tex/generic/pgf/basiclayer/pgfco
rearrows.code.tex
File: pgfcorearrows.code.tex 2015/05/14  (rcs-revision 1.43)
\pgfarrowsep=\dimen196
)
(/Users/raphaele/Library/texmf/tex/generic/pgf/tex/generic/pgf/basiclayer/pgfco
reshade.code.tex
File: pgfcoreshade.code.tex 2013/07/15  (rcs-revision 1.15)
\pgf@max=\dimen197
\pgf@sys@shading@range@num=\count138
)
(/Users/raphaele/Library/texmf/tex/generic/pgf/tex/generic/pgf/basiclayer/pgfco
reimage.code.tex
File: pgfcoreimage.code.tex 2013/07/15  (rcs-revision 1.18)

(/Users/raphaele/Library/texmf/tex/generic/pgf/tex/generic/pgf/basiclayer/pgfco
reexternal.code.tex
File: pgfcoreexternal.code.tex 2014/07/09  (rcs-revision 1.21)
\pgfexternal@startupbox=\box62
))
(/Users/raphaele/Library/texmf/tex/generic/pgf/tex/generic/pgf/basiclayer/pgfco
relayers.code.tex
File: pgfcorelayers.code.tex 2013/07/18  (rcs-revision 1.7)
)
(/Users/raphaele/Library/texmf/tex/generic/pgf/tex/generic/pgf/basiclayer/pgfco
retransparency.code.tex
File: pgfcoretransparency.code.tex 2013/09/30  (rcs-revision 1.5)
)
(/Users/raphaele/Library/texmf/tex/generic/pgf/tex/generic/pgf/basiclayer/pgfco
repatterns.code.tex
File: pgfcorepatterns.code.tex 2013/11/07  (rcs-revision 1.5)
)))
(/Users/raphaele/Library/texmf/tex/generic/pgf/tex/generic/pgf/modules/pgfmodul
eshapes.code.tex
File: pgfmoduleshapes.code.tex 2014/03/21  (rcs-revision 1.35)
\pgfnodeparttextbox=\box63
)
(/Users/raphaele/Library/texmf/tex/generic/pgf/tex/generic/pgf/modules/pgfmodul
eplot.code.tex
File: pgfmoduleplot.code.tex 2015/08/03  (rcs-revision 1.13)
)
(/usr/local/texlive/2015/texmf-dist/tex/latex/pgf/compatibility/pgfcomp-version
-0-65.sty
Package: pgfcomp-version-0-65 2007/07/03 v3.0.1 (rcs-revision 1.7)
\pgf@nodesepstart=\dimen198
\pgf@nodesepend=\dimen199
)
(/usr/local/texlive/2015/texmf-dist/tex/latex/pgf/compatibility/pgfcomp-version
-1-18.sty
Package: pgfcomp-version-1-18 2007/07/23 v3.0.1 (rcs-revision 1.1)
)) (/usr/local/texlive/2015/texmf-dist/tex/latex/tools/verbatim.sty
Package: verbatim 2014/10/28 v1.5q LaTeX2e package for verbatim enhancements
\every@verbatim=\toks36
\verbatim@line=\toks37
\verbatim@in@stream=\read3
)
(/usr/local/texlive/2015/texmf-dist/tex/latex/environ/environ.sty
Package: environ 2014/05/04 v0.3 A new way to define environments

(/usr/local/texlive/2015/texmf-dist/tex/latex/trimspaces/trimspaces.sty
Package: trimspaces 2009/09/17 v1.1 Trim spaces around a token list
))
(/usr/local/texlive/2015/texmf-dist/tex/latex/etoolbox/etoolbox.sty
Package: etoolbox 2015/05/04 v2.2 e-TeX tools for LaTeX (JAW)
\etb@tempcnta=\count139
)
\tcb@titlebox=\box64
\tcb@upperbox=\box65
\tcb@lowerbox=\box66
\tcb@phantombox=\box67
\c@tcbbreakpart=\count140
\c@tcblayer=\count141
\tcb@temp=\box68
\tcb@temp=\box69
\tcb@temp=\box70
\tcb@temp=\box71
\tcb@out=\write5
\tcb@record@out=\write6

(/usr/local/texlive/2015/texmf-dist/tex/latex/tcolorbox/tcbraster.code.tex
Library (tcolorbox): 'tcbraster.code.tex' version '3.60'
\c@tcbrastercolumn=\count142
\c@tcbrasterrow=\count143
\c@tcbraster=\count144
) (/usr/local/texlive/2015/texmf-dist/tex/latex/tcolorbox/tcbskins.code.tex
Library (tcolorbox): 'tcbskins.code.tex' version '3.60'
(/usr/local/texlive/2015/texmf-dist/tex/latex/pgf/frontendlayer/tikz.sty
(/usr/local/texlive/2015/texmf-dist/tex/latex/pgf/utilities/pgffor.sty
(/usr/local/texlive/2015/texmf-dist/tex/latex/pgf/utilities/pgfkeys.sty
(/Users/raphaele/Library/texmf/tex/generic/pgf/tex/generic/pgf/utilities/pgfkey
s.code.tex)) (/usr/local/texlive/2015/texmf-dist/tex/latex/pgf/math/pgfmath.sty

(/Users/raphaele/Library/texmf/tex/generic/pgf/tex/generic/pgf/math/pgfmath.cod
e.tex))
(/Users/raphaele/Library/texmf/tex/generic/pgf/tex/generic/pgf/utilities/pgffor
.code.tex
Package: pgffor 2013/12/13 v3.0.1 (rcs-revision 1.25)

(/Users/raphaele/Library/texmf/tex/generic/pgf/tex/generic/pgf/math/pgfmath.cod
e.tex)
\pgffor@iter=\dimen200
\pgffor@skip=\dimen201
\pgffor@stack=\toks38
\pgffor@toks=\toks39
))
(/Users/raphaele/Library/texmf/tex/generic/pgf/tex/generic/pgf/frontendlayer/ti
kz/tikz.code.tex
Package: tikz 2015/08/07 v3.0.1 (rcs-revision 1.151)

(/Users/raphaele/Library/texmf/tex/generic/pgf/tex/generic/pgf/libraries/pgflib
raryplothandlers.code.tex
File: pgflibraryplothandlers.code.tex 2013/08/31 v3.0.1 (rcs-revision 1.20)
\pgf@plot@mark@count=\count145
\pgfplotmarksize=\dimen202
)
\tikz@lastx=\dimen203
\tikz@lasty=\dimen204
\tikz@lastxsaved=\dimen205
\tikz@lastysaved=\dimen206
\tikzleveldistance=\dimen207
\tikzsiblingdistance=\dimen208
\tikz@figbox=\box72
\tikz@figbox@bg=\box73
\tikz@tempbox=\box74
\tikz@tempbox@bg=\box75
\tikztreelevel=\count146
\tikznumberofchildren=\count147
\tikznumberofcurrentchild=\count148
\tikz@fig@count=\count149

(/Users/raphaele/Library/texmf/tex/generic/pgf/tex/generic/pgf/modules/pgfmodul
ematrix.code.tex
File: pgfmodulematrix.code.tex 2013/09/17  (rcs-revision 1.8)
\pgfmatrixcurrentrow=\count150
\pgfmatrixcurrentcolumn=\count151
\pgf@matrix@numberofcolumns=\count152
)
\tikz@expandcount=\count153

(/Users/raphaele/Library/texmf/tex/generic/pgf/tex/generic/pgf/frontendlayer/ti
kz/libraries/tikzlibrarytopaths.code.tex
File: tikzlibrarytopaths.code.tex 2008/06/17 v3.0.1 (rcs-revision 1.2)
)))
\tcb@waterbox=\box76

(/usr/local/texlive/2015/texmf-dist/tex/latex/tcolorbox/tcbskinsjigsaw.code.tex
Library (tcolorbox): 'tcbskinsjigsaw.code.tex' version '3.60'
))
(/usr/local/texlive/2015/texmf-dist/tex/latex/tcolorbox/tcbbreakable.code.tex
Library (tcolorbox): 'tcbbreakable.code.tex' version '3.60'
\tcb@testbox=\box77
\tcb@totalupperbox=\box78
\tcb@totallowerbox=\box79
) (/usr/local/texlive/2015/texmf-dist/tex/latex/tcolorbox/tcbhooks.code.tex
Library (tcolorbox): 'tcbhooks.code.tex' version '3.60'
) (/usr/local/texlive/2015/texmf-dist/tex/latex/tcolorbox/tcbtheorems.code.tex
Library (tcolorbox): 'tcbtheorems.code.tex' version '3.60'
) (/usr/local/texlive/2015/texmf-dist/tex/latex/tcolorbox/tcbfitting.code.tex
Library (tcolorbox): 'tcbfitting.code.tex' version '3.60'
\tcbfitdim=\dimen209
\tcb@lowerfitdim=\dimen210
\tcb@upperfitdim=\dimen211
\tcb@cur@hbadness=\count154
) (/usr/local/texlive/2015/texmf-dist/tex/latex/tcolorbox/tcbxparse.code.tex
Library (tcolorbox): 'tcbxparse.code.tex' version '3.60'
(/usr/local/texlive/2015/texmf-dist/tex/latex/l3packages/xparse/xparse.sty
(/usr/local/texlive/2015/texmf-dist/tex/latex/l3kernel/expl3.sty
Package: expl3 2015/03/01 v5547 L3 programming layer (loader) 

(/usr/local/texlive/2015/texmf-dist/tex/latex/l3kernel/expl3-code.tex
Package: expl3 2015/03/01 v5547 L3 programming layer (code) 
L3 Module: l3bootstrap 2015/02/28 v5542 L3 Bootstrap code
L3 Module: l3names 2015/02/24 v5535 L3 Namespace for primitives
L3 Module: l3basics 2015/01/27 v5500 L3 Basic definitions
L3 Module: l3expan 2014/11/27 v5472 L3 Argument expansion
L3 Module: l3tl 2015/01/27 v5500 L3 Token lists
L3 Module: l3str 2015/03/01 v5545 L3 Strings
L3 Module: l3seq 2014/08/23 v5354 L3 Sequences and stacks
L3 Module: l3int 2015/02/21 v5529 L3 Integers
\c_max_int=\count155
\l_tmpa_int=\count156
\l_tmpb_int=\count157
\g_tmpa_int=\count158
\g_tmpb_int=\count159
L3 Module: l3quark 2014/08/23 v5354 L3 Quarks
L3 Module: l3prg 2014/08/23 v5354 L3 Control structures
\g__prg_map_int=\count160
L3 Module: l3clist 2014/08/23 v5354 L3 Comma separated lists
L3 Module: l3token 2014/09/15 v5422 L3 Experimental token manipulation
L3 Module: l3prop 2014/08/23 v5354 L3 Property lists
L3 Module: l3msg 2015/02/26 v5537 L3 Messages
L3 Module: l3file 2014/08/24 v5369 L3 File and I/O operations
\l_iow_line_count_int=\count161
\l__iow_target_count_int=\count162
\l__iow_current_line_int=\count163
\l__iow_current_word_int=\count164
\l__iow_current_indentation_int=\count165
L3 Module: l3skip 2014/08/23 v5354 L3 Dimensions and skips
\c_zero_dim=\dimen212
\c_max_dim=\dimen213
\l_tmpa_dim=\dimen214
\l_tmpb_dim=\dimen215
\g_tmpa_dim=\dimen216
\g_tmpb_dim=\dimen217
\c_zero_skip=\skip59
\c_max_skip=\skip60
\l_tmpa_skip=\skip61
\l_tmpb_skip=\skip62
\g_tmpa_skip=\skip63
\g_tmpb_skip=\skip64
\c_zero_muskip=\muskip12
\c_max_muskip=\muskip13
\l_tmpa_muskip=\muskip14
\l_tmpb_muskip=\muskip15
\g_tmpa_muskip=\muskip16
\g_tmpb_muskip=\muskip17
L3 Module: l3keys 2015/01/27 v5500 L3 Key-value interfaces
\g__keyval_level_int=\count166
\l_keys_choice_int=\count167
L3 Module: l3fp 2014/08/22 v5336 L3 Floating points
\c__fp_leading_shift_int=\count168
\c__fp_middle_shift_int=\count169
\c__fp_trailing_shift_int=\count170
\c__fp_big_leading_shift_int=\count171
\c__fp_big_middle_shift_int=\count172
\c__fp_big_trailing_shift_int=\count173
\c__fp_Bigg_leading_shift_int=\count174
\c__fp_Bigg_middle_shift_int=\count175
\c__fp_Bigg_trailing_shift_int=\count176
L3 Module: l3box 2014/08/23 v5354 L3 Experimental boxes
\c_empty_box=\box80
\l_tmpa_box=\box81
\l_tmpb_box=\box82
\g_tmpa_box=\box83
\g_tmpb_box=\box84
L3 Module: l3coffins 2014/08/23 v5354 L3 Coffin code layer
\l__coffin_internal_box=\box85
\l__coffin_internal_dim=\dimen218
\l__coffin_offset_x_dim=\dimen219
\l__coffin_offset_y_dim=\dimen220
\l__coffin_x_dim=\dimen221
\l__coffin_y_dim=\dimen222
\l__coffin_x_prime_dim=\dimen223
\l__coffin_y_prime_dim=\dimen224
\c_empty_coffin=\box86
\l__coffin_aligned_coffin=\box87
\l__coffin_aligned_internal_coffin=\box88
\l_tmpa_coffin=\box89
\l_tmpb_coffin=\box90
\l__coffin_display_coffin=\box91
\l__coffin_display_coord_coffin=\box92
\l__coffin_display_pole_coffin=\box93
\l__coffin_display_offset_dim=\dimen225
\l__coffin_display_x_dim=\dimen226
\l__coffin_display_y_dim=\dimen227
L3 Module: l3color 2014/08/23 v5354 L3 Experimental color support
L3 Module: l3candidates 2015/03/01 v5544 L3 Experimental additions to l3kernel
\l__box_top_dim=\dimen228
\l__box_bottom_dim=\dimen229
\l__box_left_dim=\dimen230
\l__box_right_dim=\dimen231
\l__box_top_new_dim=\dimen232
\l__box_bottom_new_dim=\dimen233
\l__box_left_new_dim=\dimen256
\l__box_right_new_dim=\dimen257
\l__box_internal_box=\box94
\l__coffin_bounding_shift_dim=\dimen258
\l__coffin_left_corner_dim=\dimen259
\l__coffin_right_corner_dim=\dimen260
\l__coffin_bottom_corner_dim=\dimen261
\l__coffin_top_corner_dim=\dimen262
\l__coffin_scaled_total_height_dim=\dimen263
\l__coffin_scaled_width_dim=\dimen264
)
(/usr/local/texlive/2015/texmf-dist/tex/latex/l3kernel/l3unicode-data.def
File: l3unicode-data.def 2015/03/01 v5544 L3 Unicode data
)
(/usr/local/texlive/2015/texmf-dist/tex/latex/l3kernel/l3pdfmode.def
File: l3pdfmode.def 2015/03/01 v5544 L3 Experimental driver: PDF mode
\l__driver_color_stack_int=\count177
))
Package: xparse 2014/11/25 v5471 L3 Experimental document command parser
\l__xparse_current_arg_int=\count178
\l__xparse_m_args_int=\count179
\l__xparse_mandatory_args_int=\count180
\l__xparse_processor_int=\count181
\l__xparse_v_nesting_int=\count182
)
.................................................
. LaTeX info: "xparse/define-command"
. 
. Defining command \tcboxverb with sig. ' O{} v ' on line 128.
.................................................
)
(/usr/local/texlive/2015/texmf-dist/tex/latex/tcolorbox/tcblistingsutf8.code.te
x
Library (tcolorbox): 'tcblistingsutf8.code.tex' version '3.60'
(/usr/local/texlive/2015/texmf-dist/tex/latex/oberdiek/listingsutf8.sty
Package: listingsutf8 2011/11/10 v1.2 Allow UTF-8 in listings input (HO)

(/usr/local/texlive/2015/texmf-dist/tex/latex/listings/listings.sty
\lst@mode=\count183
\lst@gtempboxa=\box95
\lst@token=\toks40
\lst@length=\count184
\lst@currlwidth=\dimen265
\lst@column=\count185
\lst@pos=\count186
\lst@lostspace=\dimen266
\lst@width=\dimen267
\lst@newlines=\count187
\lst@lineno=\count188
\lst@maxwidth=\dimen268

(/usr/local/texlive/2015/texmf-dist/tex/latex/listings/lstmisc.sty
File: lstmisc.sty 2014/09/06 1.5e (Carsten Heinz)
\c@lstnumber=\count189
\lst@skipnumbers=\count190
\lst@framebox=\box96
)
(/usr/local/texlive/2015/texmf-dist/tex/latex/listings/listings.cfg
File: listings.cfg 2014/09/06 1.5e listings configuration
))
Package: listings 2014/09/06 1.5e (Carsten Heinz)

(/usr/local/texlive/2015/texmf-dist/tex/generic/oberdiek/pdftexcmds.sty
Package: pdftexcmds 2011/11/29 v0.20 Utility functions of pdfTeX for LuaTeX (HO
)

(/usr/local/texlive/2015/texmf-dist/tex/generic/oberdiek/ifluatex.sty
Package: ifluatex 2010/03/01 v1.3 Provides the ifluatex switch (HO)
Package ifluatex Info: LuaTeX not detected.
)
(/usr/local/texlive/2015/texmf-dist/tex/generic/oberdiek/ifpdf.sty
Package: ifpdf 2011/01/30 v2.3 Provides the ifpdf switch (HO)
Package ifpdf Info: pdfTeX in PDF mode is detected.
)
Package pdftexcmds Info: LuaTeX not detected.
Package pdftexcmds Info: \pdf@primitive is available.
Package pdftexcmds Info: \pdf@ifprimitive is available.
Package pdftexcmds Info: \pdfdraftmode found.
)
(/usr/local/texlive/2015/texmf-dist/tex/generic/oberdiek/stringenc.sty
Package: stringenc 2011/12/02 v1.10 Convert strings between diff. encodings (HO
)

(/usr/local/texlive/2015/texmf-dist/tex/generic/oberdiek/pdfescape.sty
Package: pdfescape 2011/11/25 v1.13 Implements pdfTeX's escape features (HO)
)))
(/usr/local/texlive/2015/texmf-dist/tex/latex/tcolorbox/tcblistings.code.tex
Library (tcolorbox): 'tcblistings.code.tex' version '3.60'

(/usr/local/texlive/2015/texmf-dist/tex/latex/tcolorbox/tcblistingscore.code.te
x
Library (tcolorbox): 'tcblistingscore.code.tex' version '3.60'
\c@tcblisting=\count191
)))
(/usr/local/texlive/2015/texmf-dist/tex/latex/tcolorbox/tcbexternal.code.tex
Library (tcolorbox): 'tcbexternal.code.tex' version '3.60'
)) (/usr/local/texlive/2015/texmf-dist/tex/latex/base/ifthen.sty
Package: ifthen 2014/09/29 v1.1c Standard LaTeX ifthen package (DPC)
)
(/usr/local/texlive/2015/texmf-dist/tex/latex/thmtools/thmtools.sty
Package: thmtools 2014/04/21 v66
\thmt@toks=\toks41
\c@thmt@dummyctr=\count192

(/usr/local/texlive/2015/texmf-dist/tex/latex/thmtools/thm-patch.sty
Package: thm-patch 2014/04/21 v66

(/usr/local/texlive/2015/texmf-dist/tex/latex/thmtools/parseargs.sty
Package: parseargs 2014/04/21 v66
\@parsespec=\toks42
))
(/usr/local/texlive/2015/texmf-dist/tex/latex/thmtools/thm-kv.sty
Package: thm-kv 2014/04/21 v66
Package thm-kv Info: Theorem names will be uppercased on input line 40.

(/usr/local/texlive/2015/texmf-dist/tex/generic/oberdiek/kvsetkeys.sty
Package: kvsetkeys 2012/04/25 v1.16 Key value parser (HO)

(/usr/local/texlive/2015/texmf-dist/tex/generic/oberdiek/etexcmds.sty
Package: etexcmds 2011/02/16 v1.5 Avoid name clashes with e-TeX commands (HO)
Package etexcmds Info: Could not find \expanded.
(etexcmds)             That can mean that you are not using pdfTeX 1.50 or
(etexcmds)             that some package has redefined \expanded.
(etexcmds)             In the latter case, load this package earlier.
))
Package thm-kv Info: kvsetkeys patch (v1.16 or later) on input line 156.
)
(/usr/local/texlive/2015/texmf-dist/tex/latex/thmtools/thm-autoref.sty
Package: thm-autoref 2014/04/21 v66

(/usr/local/texlive/2015/texmf-dist/tex/latex/thmtools/aliasctr.sty
Package: aliasctr 2014/04/21 v66

(/usr/local/texlive/2015/texmf-dist/tex/latex/carlisle/remreset.sty)))
(/usr/local/texlive/2015/texmf-dist/tex/latex/thmtools/thm-listof.sty
Package: thm-listof 2014/04/21 v66
)
(/usr/local/texlive/2015/texmf-dist/tex/latex/thmtools/thm-restate.sty
Package: thm-restate 2014/04/21 v66
))
(/usr/local/texlive/2015/texmf-dist/tex/latex/base/makeidx.sty
Package: makeidx 2014/09/29 v1.0m Standard LaTeX package
)
(/usr/local/texlive/2015/texmf-dist/tex/latex/index/index.sty
Package: index 2004/01/20 v4.2beta Improved index support (dmj)

! No room for a new \dimen .
\ch@ck ...\else \errmessage {No room for a new #3}
                                                  \fi 
l.322 \newinsert\@indexbox
                          
? 
\@indexbox=\insert233
\indexproofstyle=\toks43
)
\idxtitle@abb=\toks44
\tf@abb=\write7
\openout7 = `gdm.abx'.

Package index Info: Writing index file gdm.abx on input line 29.
 (/usr/local/texlive/2015/texmf-dist/tex/latex/savesym/savesym.sty
Package: savesym 2013/09/02 v1.2 Saves and restores symbols (JG)
)
(/usr/local/texlive/2015/texmf-dist/tex/latex/hyperref/hyperref.sty
Package: hyperref 2012/11/06 v6.83m Hypertext links for LaTeX

(/usr/local/texlive/2015/texmf-dist/tex/generic/oberdiek/hobsub-hyperref.sty
Package: hobsub-hyperref 2012/05/28 v1.13 Bundle oberdiek, subset hyperref (HO)


(/usr/local/texlive/2015/texmf-dist/tex/generic/oberdiek/hobsub-generic.sty
Package: hobsub-generic 2012/05/28 v1.13 Bundle oberdiek, subset generic (HO)
Package: hobsub 2012/05/28 v1.13 Construct package bundles (HO)
Package hobsub Info: Skipping package `infwarerr' (already loaded).
Package hobsub Info: Skipping package `ltxcmds' (already loaded).
Package hobsub Info: Skipping package `ifluatex' (already loaded).
Package: ifvtex 2010/03/01 v1.5 Detect VTeX and its facilities (HO)
Package ifvtex Info: VTeX not detected.
Package: intcalc 2007/09/27 v1.1 Expandable calculations with integers (HO)
Package hobsub Info: Skipping package `ifpdf' (already loaded).
Package hobsub Info: Skipping package `etexcmds' (already loaded).
Package hobsub Info: Skipping package `kvsetkeys' (already loaded).
Package: kvdefinekeys 2011/04/07 v1.3 Define keys (HO)
Package hobsub Info: Skipping package `pdftexcmds' (already loaded).
Package hobsub Info: Skipping package `pdfescape' (already loaded).
Package: bigintcalc 2012/04/08 v1.3 Expandable calculations on big integers (HO
)
Package: bitset 2011/01/30 v1.1 Handle bit-vector datatype (HO)
Package: uniquecounter 2011/01/30 v1.2 Provide unlimited unique counter (HO)
)
Package hobsub Info: Skipping package `hobsub' (already loaded).
Package: letltxmacro 2010/09/02 v1.4 Let assignment for LaTeX macros (HO)
Package: hopatch 2012/05/28 v1.2 Wrapper for package hooks (HO)
Package: xcolor-patch 2011/01/30 xcolor patch
Package: atveryend 2011/06/30 v1.8 Hooks at the very end of document (HO)
Package: atbegshi 2011/10/05 v1.16 At begin shipout hook (HO)
Package: refcount 2011/10/16 v3.4 Data extraction from label references (HO)
Package: hycolor 2011/01/30 v1.7 Color options for hyperref/bookmark (HO)
)
(/usr/local/texlive/2015/texmf-dist/tex/generic/ifxetex/ifxetex.sty
Package: ifxetex 2010/09/12 v0.6 Provides ifxetex conditional
)
(/usr/local/texlive/2015/texmf-dist/tex/latex/oberdiek/auxhook.sty
Package: auxhook 2011/03/04 v1.3 Hooks for auxiliary files (HO)
)
(/usr/local/texlive/2015/texmf-dist/tex/latex/oberdiek/kvoptions.sty
Package: kvoptions 2011/06/30 v3.11 Key value format for package options (HO)
)
\@linkdim=\dimen269
\Hy@linkcounter=\count193
\Hy@pagecounter=\count194

(/usr/local/texlive/2015/texmf-dist/tex/latex/hyperref/pd1enc.def
File: pd1enc.def 2012/11/06 v6.83m Hyperref: PDFDocEncoding definition (HO)
)
\Hy@SavedSpaceFactor=\count195

(/usr/local/texlive/2015/texmf-dist/tex/latex/latexconfig/hyperref.cfg
File: hyperref.cfg 2002/06/06 v1.2 hyperref configuration of TeXLive
)
Package hyperref Info: Option `final' set `true' on input line 4319.
Package hyperref Info: Hyper figures OFF on input line 4443.
Package hyperref Info: Link nesting OFF on input line 4448.
Package hyperref Info: Hyper index ON on input line 4451.
Package hyperref Info: Plain pages OFF on input line 4458.
Package hyperref Info: Backreferencing OFF on input line 4463.
Package hyperref Info: Implicit mode ON; LaTeX internals redefined.
Package hyperref Info: Bookmarks ON on input line 4688.
\c@Hy@tempcnt=\count196
LaTeX Info: Redefining \url on input line 5041.
\XeTeXLinkMargin=\dimen270
\Fld@menulength=\count197
\Field@Width=\dimen271
\Fld@charsize=\dimen272
Package hyperref Info: Hyper figures OFF on input line 6295.
Package hyperref Info: Link nesting OFF on input line 6300.
Package hyperref Info: Hyper index ON on input line 6303.
Package hyperref Info: backreferencing OFF on input line 6310.
Package hyperref Info: Link coloring OFF on input line 6315.
Package hyperref Info: Link coloring with OCG OFF on input line 6320.
Package hyperref Info: PDF/A mode OFF on input line 6325.
LaTeX Info: Redefining \ref on input line 6365.
LaTeX Info: Redefining \pageref on input line 6369.
\Hy@abspage=\count198
\c@Item=\count199
\c@Hfootnote=\count200
)

Package hyperref Message: Driver (autodetected): hpdftex.

(/usr/local/texlive/2015/texmf-dist/tex/latex/hyperref/hpdftex.def
File: hpdftex.def 2012/11/06 v6.83m Hyperref driver for pdfTeX
\Fld@listcount=\count201
\c@bookmark@seq@number=\count202

(/usr/local/texlive/2015/texmf-dist/tex/latex/oberdiek/rerunfilecheck.sty
Package: rerunfilecheck 2011/04/15 v1.7 Rerun checks for auxiliary files (HO)
Package uniquecounter Info: New unique counter `rerunfilecheck' on input line 2
82.
)
\Hy@SectionHShift=\skip65
)
Package hyperref Info: Option `colorlinks' set `true' on input line 42.
\idxtitle@default=\toks45
\tf@default=\write8
\openout8 = `gdm.idx'.

Package index Info: Writing index file gdm.idx on input line 65.

(/usr/local/texlive/2015/texmf-dist/tex/latex/constants/constants.sty
Package: constants 2008/03/25 v.1 Labeling and numbering constants
Package constants Info: This package aims to label et number constants in a mat
hematical proof. on input line 19.
\c@cst@counter@normal=\count203
\c@cst@tmp@counter=\count204
)
\c@cst@counter@ctrcst=\count205
.................................................
. LaTeX info: "xparse/define-command"
. 
. Defining command \RPiD with sig. ' O{\disc } O{,0} ' on line 572.
.................................................
.................................................
. LaTeX info: "xparse/define-command"
. 
. Defining command \RPiDm with sig. ' O{\disc _m} O{,0} ' on line 573.
.................................................

Include comment 'commentforus' (./gdm.aux)
\openout1 = `gdm.aux'.

LaTeX Font Info:    Checking defaults for OML/cmm/m/it on input line 600.
LaTeX Font Info:    ... okay on input line 600.
LaTeX Font Info:    Checking defaults for T1/cmr/m/n on input line 600.
LaTeX Font Info:    ... okay on input line 600.
LaTeX Font Info:    Checking defaults for OT1/cmr/m/n on input line 600.
LaTeX Font Info:    ... okay on input line 600.
LaTeX Font Info:    Checking defaults for OMS/cmsy/m/n on input line 600.
LaTeX Font Info:    ... okay on input line 600.
LaTeX Font Info:    Checking defaults for OMX/cmex/m/n on input line 600.
LaTeX Font Info:    ... okay on input line 600.
LaTeX Font Info:    Checking defaults for U/cmr/m/n on input line 600.
LaTeX Font Info:    ... okay on input line 600.
LaTeX Font Info:    Checking defaults for PD1/pdf/m/n on input line 600.
LaTeX Font Info:    ... okay on input line 600.

(/usr/local/texlive/2015/texmf-dist/tex/context/base/supp-pdf.mkii
[Loading MPS to PDF converter (version 2006.09.02).]
\scratchcounter=\count206
\scratchdimen=\dimen273
\scratchbox=\box97
\nofMPsegments=\count207
\nofMParguments=\count208
\everyMPshowfont=\toks46
\MPscratchCnt=\count209
\MPscratchDim=\dimen274
\MPnumerator=\count210
\makeMPintoPDFobject=\count211
\everyMPtoPDFconversion=\toks47
) (/usr/local/texlive/2015/texmf-dist/tex/latex/oberdiek/epstopdf-base.sty
Package: epstopdf-base 2010/02/09 v2.5 Base part for package epstopdf

(/usr/local/texlive/2015/texmf-dist/tex/latex/oberdiek/grfext.sty
Package: grfext 2010/08/19 v1.1 Manage graphics extensions (HO)
)
Package grfext Info: Graphics extension search list:
(grfext)             [.png,.pdf,.jpg,.mps,.jpeg,.jbig2,.jb2,.PNG,.PDF,.JPG,.JPE
G,.JBIG2,.JB2,.eps]
(grfext)             \AppendGraphicsExtensions on input line 452.

(/usr/local/texlive/2015/texmf-dist/tex/latex/latexconfig/epstopdf-sys.cfg
File: epstopdf-sys.cfg 2010/07/13 v1.3 Configuration of (r)epstopdf for TeX Liv
e
))
ABD: EveryShipout initializing macros
\c@lstlisting=\count212

(/usr/local/texlive/2015/texmf-dist/tex/latex/base/inputenc.sty
Package: inputenc 2015/03/17 v1.2c Input encoding file
\inpenc@prehook=\toks48
\inpenc@posthook=\toks49
)
\AtBeginShipoutBox=\box98
Package hyperref Info: Link coloring ON on input line 600.

(/usr/local/texlive/2015/texmf-dist/tex/latex/hyperref/nameref.sty
Package: nameref 2012/10/27 v2.43 Cross-referencing by name of section

(/usr/local/texlive/2015/texmf-dist/tex/generic/oberdiek/gettitlestring.sty
Package: gettitlestring 2010/12/03 v1.4 Cleanup title references (HO)
)
\c@section@level=\count213
)
LaTeX Info: Redefining \ref on input line 600.
LaTeX Info: Redefining \pageref on input line 600.
LaTeX Info: Redefining \nameref on input line 600.

(./gdm.out) (./gdm.out)
\@outlinefile=\write9
\openout9 = `gdm.out'.

 [1

{/usr/local/texlive/2015/texmf-var/fonts/map/pdftex/updmap/pdftex.map}] [2


]
LaTeX Font Info:    Try loading font information for U+msa on input line 627.

(/usr/local/texlive/2015/texmf-dist/tex/latex/amsfonts/umsa.fd
File: umsa.fd 2013/01/14 v3.01 AMS symbols A
)
LaTeX Font Info:    Try loading font information for U+msb on input line 627.

(/usr/local/texlive/2015/texmf-dist/tex/latex/amsfonts/umsb.fd
File: umsb.fd 2013/01/14 v3.01 AMS symbols B
) [1


] [2


]
(./gdm.toc [3] [4] [5] [6]
LaTeX Font Info:    Try loading font information for U+euf on input line 187.

(/usr/local/texlive/2015/texmf-dist/tex/latex/amsfonts/ueuf.fd
File: ueuf.fd 2013/01/14 v3.01 Euler Fraktur
) [7])
\tf@toc=\write10
\openout10 = `gdm.toc'.

 [8]
LaTeX Font Info:    Try loading font information for OMS+cmr on input line 683.


(/usr/local/texlive/2015/texmf-dist/tex/latex/base/omscmr.fd
File: omscmr.fd 2014/09/29 v2.5h Standard LaTeX font definitions
)
LaTeX Font Info:    Font shape `OMS/cmr/m/n' in size <10> not available
(Font)              Font shape `OMS/cmsy/m/n' tried instead on input line 683.
 [9


] [10] [11]
[12] [13] [14]pdfTeX warning (ext4): destination with the same identifier (name
{page.1}) has been already used, duplicate ignored
<to be read again> 
                   \relax 
l.862 \part{Elliptic problems}
                              \label{part:space} [1




]pdfTeX warning (ext4): destination with the same identifier (name{page.2}) has
 been already used, duplicate ignored
<to be read again> 
                   \relax 
l.862 \part{Elliptic problems}
                              \label{part:space} [2]
Chapter 1.
[3


]

Package hyperref Warning: Token not allowed in a PDF string (PDFDocEncoding):
(hyperref)                removing `math shift' on input line 949.


Package hyperref Warning: Token not allowed in a PDF string (PDFDocEncoding):
(hyperref)                removing `subscript' on input line 949.


Package hyperref Warning: Token not allowed in a PDF string (PDFDocEncoding):
(hyperref)                removing `math shift' on input line 949.

[4] (./efp1nc.pdf_t <efp1nc.pdf, id=1304, 372.39125pt x 391.4625pt>
File: efp1nc.pdf Graphic file (type pdf)

<use efp1nc.pdf>
Package pdftex.def Info: efp1nc.pdf used on input line 2.
(pdftex.def)             Requested size: 372.39034pt x 391.46153pt.


LaTeX Font Warning: Font shape `OT1/cmr/m/n' in size <29> not available
(Font)              size <24.88> substituted on input line 14.

LaTeX Font Info:    Calculating math sizes for size <29> on input line 14.

LaTeX Font Warning: Font shape `OT1/cmr/m/n' in size <20.29991> not available
(Font)              size <20.74> substituted on input line 14.


LaTeX Font Warning: Font shape `OML/cmm/m/it' in size <29> not available
(Font)              size <24.88> substituted on input line 14.


LaTeX Font Warning: Font shape `OML/cmm/m/it' in size <20.29991> not available
(Font)              size <20.74> substituted on input line 14.


LaTeX Font Warning: Font shape `OMS/cmsy/m/n' in size <29> not available
(Font)              size <24.88> substituted on input line 14.


LaTeX Font Warning: Font shape `OMS/cmsy/m/n' in size <20.29991> not available
(Font)              size <20.74> substituted on input line 14.


LaTeX Font Warning: Font shape `OT1/cmr/bx/n' in size <29> not available
(Font)              size <24.88> substituted on input line 14.


LaTeX Font Warning: Font shape `OT1/cmr/bx/n' in size <20.29991> not available
(Font)              size <20.74> substituted on input line 14.


LaTeX Font Warning: Font shape `OML/cmm/b/it' in size <29> not available
(Font)              size <24.88> substituted on input line 14.


LaTeX Font Warning: Font shape `OML/cmm/b/it' in size <20.29991> not available
(Font)              size <20.74> substituted on input line 14.


LaTeX Font Warning: Font shape `OMS/cmsy/b/n' in size <29> not available
(Font)              size <24.88> substituted on input line 14.


LaTeX Font Warning: Font shape `OMS/cmsy/b/n' in size <20.29991> not available
(Font)              size <20.74> substituted on input line 14.


LaTeX Font Warning: Font shape `OT1/cmr/m/n' in size <20> not available
(Font)              size <20.74> substituted on input line 16.

LaTeX Font Info:    Calculating math sizes for size <20> on input line 16.

LaTeX Font Warning: Font shape `OT1/cmr/m/n' in size <13.99994> not available
(Font)              size <14.4> substituted on input line 16.


LaTeX Font Warning: Font shape `OML/cmm/m/it' in size <20> not available
(Font)              size <20.74> substituted on input line 16.


LaTeX Font Warning: Font shape `OML/cmm/m/it' in size <13.99994> not available
(Font)              size <14.4> substituted on input line 16.


LaTeX Font Warning: Font shape `OMS/cmsy/m/n' in size <20> not available
(Font)              size <20.74> substituted on input line 16.


LaTeX Font Warning: Font shape `OMS/cmsy/m/n' in size <13.99994> not available
(Font)              size <14.4> substituted on input line 16.


LaTeX Font Warning: Font shape `OT1/cmr/bx/n' in size <20> not available
(Font)              size <20.74> substituted on input line 16.


LaTeX Font Warning: Font shape `OT1/cmr/bx/n' in size <13.99994> not available
(Font)              size <14.4> substituted on input line 16.


LaTeX Font Warning: Font shape `OML/cmm/b/it' in size <20> not available
(Font)              size <20.74> substituted on input line 16.


LaTeX Font Warning: Font shape `OML/cmm/b/it' in size <13.99994> not available
(Font)              size <14.4> substituted on input line 16.


LaTeX Font Warning: Font shape `OMS/cmsy/b/n' in size <20> not available
(Font)              size <20.74> substituted on input line 16.


LaTeX Font Warning: Font shape `OMS/cmsy/b/n' in size <13.99994> not available
(Font)              size <14.4> substituted on input line 16.

) [5 <./efp1nc.pdf>] [6] (./meshmpfaintro.pdf_t
<meshmpfaintro.pdf, id=1345, 491.8375pt x 328.22626pt>
File: meshmpfaintro.pdf Graphic file (type pdf)
 <use meshmpfaintro.pdf>
Package pdftex.def Info: meshmpfaintro.pdf used on input line 2.
(pdftex.def)             Requested size: 491.83629pt x 328.22545pt.
LaTeX Font Info:    Calculating math sizes for size <25> on input line 18.


LaTeX Font Warning: Font shape `OT1/cmr/m/n' in size <12.5> not available
(Font)              size <12> substituted on input line 18.


LaTeX Font Warning: Font shape `OML/cmm/m/it' in size <12.5> not available
(Font)              size <12> substituted on input line 18.


LaTeX Font Warning: Font shape `OMS/cmsy/m/n' in size <12.5> not available
(Font)              size <12> substituted on input line 18.


LaTeX Font Warning: Font shape `OT1/cmr/bx/n' in size <12.5> not available
(Font)              size <12> substituted on input line 18.


LaTeX Font Warning: Font shape `OML/cmm/b/it' in size <12.5> not available
(Font)              size <12> substituted on input line 18.


LaTeX Font Warning: Font shape `OMS/cmsy/b/n' in size <12.5> not available
(Font)              size <12> substituted on input line 18.

) [7] [8 <./meshmpfaintro.pdf>] [9] [10] [11]
Overfull \hbox (9.46353pt too wide) detected at line 1231
 []$[]  \OML/cmm/m/it/10 W[]\OT1/cmr/m/n/10 (\OML/cmm/b/it/10 '\OT1/cmr/m/n/10 
) = [] []\OML/cmm/m/it/10 :$ [][][]  
 []

[12] [13] (./triangles-intro.pdf_t
<triangles-intro.pdf, id=1471, 240.9pt x 339.2675pt>
File: triangles-intro.pdf Graphic file (type pdf)
 <use triangles-intro.pdf>
Package pdftex.def Info: triangles-intro.pdf used on input line 2.
(pdftex.def)             Requested size: 240.8994pt x 339.26666pt.
) [14] [15 <./triangles-intro.pdf>] [16]
Chapter 2.
[17


]
Overfull \hbox (12.4254pt too wide) in paragraph at lines 1487--1492
\OT1/cmr/m/it/10 sa-tion $\OMS/cmsy/m/n/10 D$ \OT1/cmr/m/it/10 for ho-mo-ge-neo
us Dirich-let con-di-tions is de-fined by $\OMS/cmsy/m/n/10 D \OT1/cmr/m/n/10 =
 (\OML/cmm/m/it/10 X[]; ^^E[]; \OMS/cmsy/m/n/10 r[]\OT1/cmr/m/n/10 )$\OT1/cmr/m
/it/10 ,
 []

[18] [19] [20] [21] [22] [23]
LaTeX Font Info:    Font shape `OMS/cmr/m/n' in size <9> not available
(Font)              Font shape `OMS/cmsy/m/n' tried instead on input line 1785.

 [24] [25] [26] [27] [28] [29] [30] [31] [32]
[33] [34] [35] [36] [37] [38] [39] [40] [41]
Overfull \hbox (3.00798pt too wide) in paragraph at lines 2667--2669
[]\OT1/cmr/bx/n/10 (Convergence, quasi-linear prob-lem, ho-mo-ge-neous Di-
 []

[42] [43] [44]

Package hyperref Warning: Token not allowed in a PDF string (PDFDocEncoding):
(hyperref)                removing `math shift' on input line 2804.


Package hyperref Warning: Token not allowed in a PDF string (PDFDocEncoding):
(hyperref)                removing `math shift' on input line 2804.


Package hyperref Warning: Token not allowed in a PDF string (PDFDocEncoding):
(hyperref)                removing `math shift' on input line 2804.


Package hyperref Warning: Token not allowed in a PDF string (PDFDocEncoding):
(hyperref)                removing `\in' on input line 2804.


Package hyperref Warning: Token not allowed in a PDF string (PDFDocEncoding):
(hyperref)                removing `\infty' on input line 2804.


Package hyperref Warning: Token not allowed in a PDF string (PDFDocEncoding):
(hyperref)                removing `math shift' on input line 2804.

[45] [46] [47] [48] [49] (./fig-barliu.pdf_t
<fig-barliu.pdf, id=2137, 144.54pt x 90.3375pt>
File: fig-barliu.pdf Graphic file (type pdf)
 <use fig-barliu.pdf>
Package pdftex.def Info: fig-barliu.pdf used on input line 2.
(pdftex.def)             Requested size: 144.53963pt x 90.33727pt.
) [50]
[51 <./fig-barliu.pdf>] [52] [53]
Overfull \hbox (10.5659pt too wide) in paragraph at lines 3324--3326
[]\OT1/cmr/bx/n/10 (GS, Leray--Lions type prob-lems). []\OT1/cmr/m/it/10 If $\O
MS/cmsy/m/n/10 D \OT1/cmr/m/n/10 = (\OML/cmm/m/it/10 X[]; ^^E[]; \OMS/cmsy/m/n/
10 r[]\OT1/cmr/m/n/10 )$
 []

[54] [55] [56] [57] [58] [59] [60] [61] [62] [63] [64]
Chapter 3.
[65


] [66]
Overfull \hbox (11.65503pt too wide) in paragraph at lines 4050--4053
[]\OT1/cmr/bx/n/10 (Equivalent con-di-tion for GD-consistency, Neu-mann BCs).
 []

[67]
Overfull \hbox (5.1148pt too wide) in paragraph at lines 4100--4103
[]\OT1/cmr/bx/n/10 (Compactness im-plies co-er-civ-ity, ho-mo-ge-neous Neu-mann

 []

[68] [69] [70] [71]
Overfull \hbox (9.10786pt too wide) in paragraph at lines 4356--4359
[]\OT1/cmr/bx/n/10 (Compactness im-plies co-er-civ-ity, non-homogeneous Neu-
 []

[72] [73] [74] [75] [76] [77] [78] [79] [80]
Overfull \hbox (11.65378pt too wide) in paragraph at lines 4948--4950
[]\OT1/cmr/bx/n/10 (Convergence, quasi-linear prob-lem, ho-mo-ge-neous Neu-
 []

[81] [82] [83] [84] [85] [86] [87] [88] [89]
Overfull \hbox (12.80238pt too wide) in paragraph at lines 5453--5453
[] 
 []

[90] [91] [92] [93] [94] [95


] [96]
Chapter 4.
[97


]
LaTeX Font Info:    Font shape `OMS/cmr/m/it' in size <10> not available
(Font)              Font shape `OMS/cmsy/m/n' tried instead on input line 5722.

 [98] [99] [100] [101] [102] [103] [104] [105] [106] [107] [108] [109]
[110] [111] [112] [113] [114] [115] [116]
Chapter 5.
[117


] [118] [119] [120] [121] [122] [123] [124] [125] [126] [127] [128]
[129] [130] [131] [132] [133] [134] [135] [136] [137] [138] [139] [140]
[141] [142] [143] [144] [145] [146] [147] [148]
Overfull \hbox (19.42294pt too wide) in paragraph at lines 8698--8704
\OT1/cmr/bx/n/10 type prob-lem). [][] \OT1/cmr/m/it/10 Un-der As-sump-tions []-
-[] and [], let $\OT1/cmr/m/n/10 ((\OMS/cmsy/m/n/10 D[]\OT1/cmr/m/n/10 )[])[]$
 []

[149] [150] [151] [152] [153] [154] [155] [156] [157] [158] [159] [160


]
Chapter 6.
[161] [162] [163] [164] [165] [166] [167] [168] [169] [170] [171] [172]
[173]

Package hyperref Warning: Token not allowed in a PDF string (PDFDocEncoding):
(hyperref)                removing `math shift' on input line 10160.


Package hyperref Warning: Token not allowed in a PDF string (PDFDocEncoding):
(hyperref)                removing `superscript' on input line 10160.


Package hyperref Warning: Token not allowed in a PDF string (PDFDocEncoding):
(hyperref)                removing `math shift' on input line 10160.

(./fig-betar.pdf_t <fig-betar.pdf, id=4495, 292.09125pt x 248.93pt>
File: fig-betar.pdf Graphic file (type pdf)

<use fig-betar.pdf>
Package pdftex.def Info: fig-betar.pdf used on input line 2.
(pdftex.def)             Requested size: 292.09052pt x 248.92938pt.
) [174] [175 <./fig-betar.pdf>] [176] [177] [178] [179]
[180] [181] [182] [183] [184] [185] [186] [187] [188] [189] [190] [191]
[192] [193] [194] [195] [196


] [197] [198] [199] [200


]
Chapter 7.
[201] [202] [203] (./dksigma.pdf_t
<dksigma.pdf, id=4913, 147.55125pt x 154.5775pt>
File: dksigma.pdf Graphic file (type pdf)
 <use dksigma.pdf>
Package pdftex.def Info: dksigma.pdf used on input line 2.
(pdftex.def)             Requested size: 147.55087pt x 154.5771pt.
) [204 <./dksigma.pdf>] (./fig-genhexa.pdf_t
<fig-genhexa.pdf, id=4927, 178.6675pt x 101.37875pt>
File: fig-genhexa.pdf Graphic file (type pdf)
 <use fig-genhexa.pdf>
Package pdftex.def Info: fig-genhexa.pdf used on input line 2.
(pdftex.def)             Requested size: 178.66705pt x 101.3785pt.
)
[205 <./fig-genhexa.pdf>] [206] [207] [208] [209] [210] [211] [212] [213]
[214] [215] [216]

Package hyperref Warning: Token not allowed in a PDF string (PDFDocEncoding):
(hyperref)                removing `math shift' on input line 12361.


Package hyperref Warning: Token not allowed in a PDF string (PDFDocEncoding):
(hyperref)                removing `subscript' on input line 12361.


Package hyperref Warning: Token not allowed in a PDF string (PDFDocEncoding):
(hyperref)                removing `math shift' on input line 12361.


Package hyperref Warning: Token not allowed in a PDF string (PDFDocEncoding):
(hyperref)                removing `math shift' on input line 12361.


Package hyperref Warning: Token not allowed in a PDF string (PDFDocEncoding):
(hyperref)                removing `subscript' on input line 12361.


Package hyperref Warning: Token not allowed in a PDF string (PDFDocEncoding):
(hyperref)                removing `math shift' on input line 12361.

[217] [218] [219] [220] [221] [222] [223] [224] [225] [226]
(./fig-fe-local_basis.pdf_t
<fig-fe-local_basis.pdf, id=5381, 206.7725pt x 138.5175pt>
File: fig-fe-local_basis.pdf Graphic file (type pdf)

<use fig-fe-local_basis.pdf>
Package pdftex.def Info: fig-fe-local_basis.pdf used on input line 2.
(pdftex.def)             Requested size: 206.77199pt x 138.51715pt.
) (./fig-fe-global_basis.pdf_t
<fig-fe-global_basis.pdf, id=5382, 206.7725pt x 138.5175pt>
File: fig-fe-global_basis.pdf Graphic file (type pdf)

<use fig-fe-global_basis.pdf>
Package pdftex.def Info: fig-fe-global_basis.pdf used on input line 2.
(pdftex.def)             Requested size: 206.77199pt x 138.51715pt.
) [227] [228 <./fig-fe-local_basis.pdf> <./fig-fe-global_basis.pdf>] [229] [230
] [231] [232] [233] [234] [235] [236] [237]
[238] [239] [240] [241] [242]

Package hyperref Warning: Token not allowed in a PDF string (PDFDocEncoding):
(hyperref)                removing `math shift' on input line 13867.


Package hyperref Warning: Token not allowed in a PDF string (PDFDocEncoding):
(hyperref)                removing `superscript' on input line 13867.


Package hyperref Warning: Token not allowed in a PDF string (PDFDocEncoding):
(hyperref)                removing `math shift' on input line 13867.


Package hyperref Warning: Token not allowed in a PDF string (PDFDocEncoding):
(hyperref)                removing `math shift' on input line 13867.


Package hyperref Warning: Token not allowed in a PDF string (PDFDocEncoding):
(hyperref)                removing `subscript' on input line 13867.


Package hyperref Warning: Token not allowed in a PDF string (PDFDocEncoding):
(hyperref)                removing `math shift' on input line 13867.


Package hyperref Warning: Token not allowed in a PDF string (PDFDocEncoding):
(hyperref)                removing `math shift' on input line 13881.


Package hyperref Warning: Token not allowed in a PDF string (PDFDocEncoding):
(hyperref)                removing `superscript' on input line 13881.


Package hyperref Warning: Token not allowed in a PDF string (PDFDocEncoding):
(hyperref)                removing `math shift' on input line 13881.

[243] [244] [245] [246] [247] [248] [249] [250] [251] [252] [253] [254]
[255] [256] [257] [258]
Chapter 8.
[259


] [260]

Package hyperref Warning: Token not allowed in a PDF string (PDFDocEncoding):
(hyperref)                removing `math shift' on input line 14900.


Package hyperref Warning: Token not allowed in a PDF string (PDFDocEncoding):
(hyperref)                removing `subscript' on input line 14900.


Package hyperref Warning: Token not allowed in a PDF string (PDFDocEncoding):
(hyperref)                removing `math shift' on input line 14900.


Package hyperref Warning: Token not allowed in a PDF string (PDFDocEncoding):
(hyperref)                removing `math shift' on input line 14902.


Package hyperref Warning: Token not allowed in a PDF string (PDFDocEncoding):
(hyperref)                removing `subscript' on input line 14902.


Package hyperref Warning: Token not allowed in a PDF string (PDFDocEncoding):
(hyperref)                removing `math shift' on input line 14902.

(./fig-Pk.pdf_t <fig-Pk.pdf, id=5951, 311.1625pt x 98.3675pt>
File: fig-Pk.pdf Graphic file (type pdf)
 <use fig-Pk.pdf>
Package pdftex.def Info: fig-Pk.pdf used on input line 2.
(pdftex.def)             Requested size: 311.16174pt x 98.36723pt.
) [261] [262 <./fig-Pk.pdf>] [263] (./fig-Pk2.pdf_t
<fig-Pk2.pdf, id=6033, 124.465pt x 144.54pt>
File: fig-Pk2.pdf Graphic file (type pdf)
 <use fig-Pk2.pdf>
Package pdftex.def Info: fig-Pk2.pdf used on input line 2.
(pdftex.def)             Requested size: 124.46469pt x 144.53963pt.
)

Package hyperref Warning: Token not allowed in a PDF string (PDFDocEncoding):
(hyperref)                removing `math shift' on input line 15127.


Package hyperref Warning: Token not allowed in a PDF string (PDFDocEncoding):
(hyperref)                removing `subscript' on input line 15127.


Package hyperref Warning: Token not allowed in a PDF string (PDFDocEncoding):
(hyperref)                removing `math shift' on input line 15127.

[264] [265 <./fig-Pk2.pdf>] [266] [267]

Package hyperref Warning: Token not allowed in a PDF string (PDFDocEncoding):
(hyperref)                removing `math shift' on input line 15310.


Package hyperref Warning: Token not allowed in a PDF string (PDFDocEncoding):
(hyperref)                removing `subscript' on input line 15310.


Package hyperref Warning: Token not allowed in a PDF string (PDFDocEncoding):
(hyperref)                removing `math shift' on input line 15310.

[268] [269]

Package hyperref Warning: Token not allowed in a PDF string (PDFDocEncoding):
(hyperref)                removing `math shift' on input line 15460.


Package hyperref Warning: Token not allowed in a PDF string (PDFDocEncoding):
(hyperref)                removing `subscript' on input line 15460.


Package hyperref Warning: Token not allowed in a PDF string (PDFDocEncoding):
(hyperref)                removing `math shift' on input line 15460.

[270] (./fig-ml.pdf_t <fig-ml.pdf, id=6201, 171.64125pt x 159.59625pt>
File: fig-ml.pdf Graphic file (type pdf)

<use fig-ml.pdf>
Package pdftex.def Info: fig-ml.pdf used on input line 2.
(pdftex.def)             Requested size: 171.64081pt x 159.59584pt.
) [271 <./fig-ml.pdf>] [272] [273] [274] (./tetra_cv.pdf_t
<tetra_cv.pdf, id=6283, 170.6375pt x 157.58875pt>
File: tetra_cv.pdf Graphic file (type pdf)
 <use tetra_cv.pdf>
Package pdftex.def Info: tetra_cv.pdf used on input line 2.
(pdftex.def)             Requested size: 170.63707pt x 157.58835pt.
) [275 <./tetra_cv.pdf>]

LaTeX Font Warning: Font shape `OT1/cmr/bx/sc' undefined
(Font)              using `OT1/cmr/bx/n' instead on input line 15753.

[276] [277] [278] (./fig-vag-star.pdf_t
<fig-vag-star.pdf, id=6377, 182.6825pt x 150.5625pt>
File: fig-vag-star.pdf Graphic file (type pdf)
 <use fig-vag-star.pdf>
Package pdftex.def Info: fig-vag-star.pdf used on input line 2.
(pdftex.def)             Requested size: 182.68204pt x 150.56212pt.
)
[279] [280 <./fig-vag-star.pdf>]
Chapter 9.
[281


] [282] [283] [284] [285] [286]

Package hyperref Warning: Token not allowed in a PDF string (PDFDocEncoding):
(hyperref)                removing `math shift' on input line 16397.


Package hyperref Warning: Token not allowed in a PDF string (PDFDocEncoding):
(hyperref)                removing `subscript' on input line 16397.


Package hyperref Warning: Token not allowed in a PDF string (PDFDocEncoding):
(hyperref)                removing `math shift' on input line 16397.

[287] [288] [289]
Overfull \hbox (10.34105pt too wide) in paragraph at lines 16549--16552
\OT1/cmr/m/n/10 A dis-crete H^^?older in-equal-ity [] in [] there-fore pro-vide
s, since $[]([]) \OMS/cmsy/m/n/10 ^^T
 []

[290]

Package hyperref Warning: Token not allowed in a PDF string (PDFDocEncoding):
(hyperref)                removing `math shift' on input line 16574.


Package hyperref Warning: Token not allowed in a PDF string (PDFDocEncoding):
(hyperref)                removing `subscript' on input line 16574.


Package hyperref Warning: Token not allowed in a PDF string (PDFDocEncoding):
(hyperref)                removing `math shift' on input line 16574.


Package hyperref Warning: Token not allowed in a PDF string (PDFDocEncoding):
(hyperref)                removing `math shift' on input line 16591.


Package hyperref Warning: Token not allowed in a PDF string (PDFDocEncoding):
(hyperref)                removing `subscript' on input line 16591.


Package hyperref Warning: Token not allowed in a PDF string (PDFDocEncoding):
(hyperref)                removing `math shift' on input line 16591.

[291] [292]

Package hyperref Warning: Token not allowed in a PDF string (PDFDocEncoding):
(hyperref)                removing `math shift' on input line 16682.


Package hyperref Warning: Token not allowed in a PDF string (PDFDocEncoding):
(hyperref)                removing `subscript' on input line 16682.


Package hyperref Warning: Token not allowed in a PDF string (PDFDocEncoding):
(hyperref)                removing `math shift' on input line 16682.


Package hyperref Warning: Token not allowed in a PDF string (PDFDocEncoding):
(hyperref)                removing `math shift' on input line 16682.


Package hyperref Warning: Token not allowed in a PDF string (PDFDocEncoding):
(hyperref)                removing `subscript' on input line 16682.


Package hyperref Warning: Token not allowed in a PDF string (PDFDocEncoding):
(hyperref)                removing `math shift' on input line 16682.

(./fig-KtildeK.pdf_t <fig-KtildeK.pdf, id=6676, 144.54pt x 115.43124pt>
File: fig-KtildeK.pdf Graphic file (type pdf)

<use fig-KtildeK.pdf>
Package pdftex.def Info: fig-KtildeK.pdf used on input line 2.
(pdftex.def)             Requested size: 144.53963pt x 115.43095pt.
) [293] [294 <./fig-KtildeK.pdf>]

Package hyperref Warning: Token not allowed in a PDF string (PDFDocEncoding):
(hyperref)                removing `math shift' on input line 16821.


Package hyperref Warning: Token not allowed in a PDF string (PDFDocEncoding):
(hyperref)                removing `subscript' on input line 16821.


Package hyperref Warning: Token not allowed in a PDF string (PDFDocEncoding):
(hyperref)                removing `math shift' on input line 16821.

[295] [296]

Package hyperref Warning: Token not allowed in a PDF string (PDFDocEncoding):
(hyperref)                removing `math shift' on input line 16938.


Package hyperref Warning: Token not allowed in a PDF string (PDFDocEncoding):
(hyperref)                removing `subscript' on input line 16938.


Package hyperref Warning: Token not allowed in a PDF string (PDFDocEncoding):
(hyperref)                removing `math shift' on input line 16938.

[297]

Package hyperref Warning: Token not allowed in a PDF string (PDFDocEncoding):
(hyperref)                removing `math shift' on input line 17028.


Package hyperref Warning: Token not allowed in a PDF string (PDFDocEncoding):
(hyperref)                removing `subscript' on input line 17028.


Package hyperref Warning: Token not allowed in a PDF string (PDFDocEncoding):
(hyperref)                removing `math shift' on input line 17028.

[298] (./fig-mlpunnc.pdf_t
<fig-mlpunnc.pdf, id=6811, 171.64125pt x 106.3975pt>
File: fig-mlpunnc.pdf Graphic file (type pdf)
 <use fig-mlpunnc.pdf>
Package pdftex.def Info: fig-mlpunnc.pdf used on input line 2.
(pdftex.def)             Requested size: 171.64081pt x 106.39723pt.
)
[299 <./fig-mlpunnc.pdf>] [300]
Chapter 10.

Package hyperref Warning: Token not allowed in a PDF string (PDFDocEncoding):
(hyperref)                removing `math shift' on input line 17128.


Package hyperref Warning: Token not allowed in a PDF string (PDFDocEncoding):
(hyperref)                removing `subscript' on input line 17128.


Package hyperref Warning: Token not allowed in a PDF string (PDFDocEncoding):
(hyperref)                removing `\mathop' on input line 17128.


Package hyperref Warning: Token not allowed in a PDF string (PDFDocEncoding):
(hyperref)                removing `math shift' on input line 17128.

[301


] [302] [303] [304]

Package hyperref Warning: Token not allowed in a PDF string (PDFDocEncoding):
(hyperref)                removing `math shift' on input line 17338.


Package hyperref Warning: Token not allowed in a PDF string (PDFDocEncoding):
(hyperref)                removing `subscript' on input line 17338.


Package hyperref Warning: Token not allowed in a PDF string (PDFDocEncoding):
(hyperref)                removing `math shift' on input line 17338.


Package hyperref Warning: Token not allowed in a PDF string (PDFDocEncoding):
(hyperref)                removing `math shift' on input line 17340.


Package hyperref Warning: Token not allowed in a PDF string (PDFDocEncoding):
(hyperref)                removing `subscript' on input line 17340.


Package hyperref Warning: Token not allowed in a PDF string (PDFDocEncoding):
(hyperref)                removing `math shift' on input line 17340.

[305] [306] [307] [308] [309] [310] [311] [312]

Package hyperref Warning: Token not allowed in a PDF string (PDFDocEncoding):
(hyperref)                removing `math shift' on input line 17804.


Package hyperref Warning: Token not allowed in a PDF string (PDFDocEncoding):
(hyperref)                removing `subscript' on input line 17804.


Package hyperref Warning: Token not allowed in a PDF string (PDFDocEncoding):
(hyperref)                removing `math shift' on input line 17804.

[313] [314] [315] [316] [317] [318]
Chapter 11.
[319


] (./dgdksigma.pdf_t <dgdksigma.pdf, id=7232, 262.9825pt x 156.585pt>
File: dgdksigma.pdf Graphic file (type pdf)

<use dgdksigma.pdf>
Package pdftex.def Info: dgdksigma.pdf used on input line 2.
(pdftex.def)             Requested size: 262.98184pt x 156.58461pt.
) [320] [321 <./dgdksigma.pdf>] [322] [323] [324] [325]
[326] [327] [328] [329] [330] [331] [332] [333] [334] [335] [336


]
Chapter 12.
[337] (./meshrecun.pdf_t <meshrecun.pdf, id=7513, 369.38pt x 360.34625pt>
File: meshrecun.pdf Graphic file (type pdf)

<use meshrecun.pdf>
Package pdftex.def Info: meshrecun.pdf used on input line 2.
(pdftex.def)             Requested size: 369.37909pt x 360.34537pt.
) (./meshsimpl.pdf_t
<meshsimpl.pdf, id=7514, 487.8225pt x 367.3725pt>
File: meshsimpl.pdf Graphic file (type pdf)
 <use meshsimpl.pdf>
Package pdftex.def Info: meshsimpl.pdf used on input line 2.
(pdftex.def)             Requested size: 487.8213pt x 367.37158pt.
) [338 <./meshrecun.pdf> <./meshsimpl.pdf>] [339] [340] [341] [342] [343] [344]
 [345]
[346


]
Chapter 13.
[347] [348] [349] [350] [351] [352] [353] [354] [355] [356] [357] [358]
[359] [360] [361] [362]

Package hyperref Warning: Token not allowed in a PDF string (PDFDocEncoding):
(hyperref)                removing `math shift' on input line 20624.


Package hyperref Warning: Token not allowed in a PDF string (PDFDocEncoding):
(hyperref)                removing `\Delta' on input line 20624.


Package hyperref Warning: Token not allowed in a PDF string (PDFDocEncoding):
(hyperref)                removing `math shift' on input line 20624.

[363] [364] [365] [366] [367] [368] [369] [370


]
Chapter 14.
[371] [372]
Overfull \hbox (13.24187pt too wide) in paragraph at lines 21088--21091
[]\OT1/cmr/m/n/10 The proof that $\OML/cmm/m/it/10 ^^Y[]$ \OT1/cmr/m/n/10 and $
\OMS/cmsy/m/n/10 G[]$ \OT1/cmr/m/n/10 are $\U/msb/m/n/10 P[]$\OT1/cmr/m/n/10 -e
xact re-con-struc-tions and that $[][]$
 []

[373] [374] [375] [376] [377] [378] [379] [380] [381] [382] [383] [384]
(./octaedre.pdf_t <octaedre.pdf, id=8446, 293.095pt x 427.5975pt>
File: octaedre.pdf Graphic file (type pdf)

<use octaedre.pdf>
Package pdftex.def Info: octaedre.pdf used on input line 2.
(pdftex.def)             Requested size: 293.09427pt x 427.59645pt.
) (./octaedre-PKv.pdf_t
<octaedre-PKv.pdf, id=8447, 265.99374pt x 413.545pt>
File: octaedre-PKv.pdf Graphic file (type pdf)
 <use octaedre-PKv.pdf>
Package pdftex.def Info: octaedre-PKv.pdf used on input line 2.
(pdftex.def)             Requested size: 265.99309pt x 413.54398pt.
)
[385 <./octaedre.pdf> <./octaedre-PKv.pdf>] [386] [387] [388


] [389] [390]
[391] [392


]
Appendix A.
[393] [394] [395] [396] [397] [398] [399] [400] [401]
Overfull \hbox (2.05922pt too wide) in paragraph at lines 22405--22408
[]\OT1/cmr/bx/sc/10 (Equivalent con-di-tion for GD-consistency, ab-stract set-
 []

[402] [403] [404


]
Appendix B.
[405] (./fig-halfplane.pdf_t
<fig-halfplane.pdf, id=8704, 258.9675pt x 186.6975pt>
File: fig-halfplane.pdf Graphic file (type pdf)
 <use fig-halfplane.pdf>
Package pdftex.def Info: fig-halfplane.pdf used on input line 2.
(pdftex.def)             Requested size: 258.96684pt x 186.69704pt.
)
[406 <./fig-halfplane.pdf>] (./changeofvar.pdf_t
<changeofvar.pdf, id=8716, 282.05376pt x 191.71625pt>
File: changeofvar.pdf Graphic file (type pdf)
 <use changeofvar.pdf>
Package pdftex.def Info: changeofvar.pdf used on input line 2.
(pdftex.def)             Requested size: 282.05305pt x 191.71577pt.
)
[407 <./changeofvar.pdf>] [408] [409]

Package hyperref Warning: Token not allowed in a PDF string (PDFDocEncoding):
(hyperref)                removing `math shift' on input line 22703.


Package hyperref Warning: Token not allowed in a PDF string (PDFDocEncoding):
(hyperref)                removing `subscript' on input line 22703.


Package hyperref Warning: Token not allowed in a PDF string (PDFDocEncoding):
(hyperref)                removing `math shift' on input line 22703.

[410] [411] [412]
Overfull \hbox (2.64125pt too wide) in paragraph at lines 22905--22909
[]\OT1/cmr/bx/sc/10 (Approximation prop-er-ties of pro-jec-tions on par-ti-tion
s).
 []

[413] [414]

Package hyperref Warning: Token not allowed in a PDF string (PDFDocEncoding):
(hyperref)                removing `math shift' on input line 23005.


Package hyperref Warning: Token not allowed in a PDF string (PDFDocEncoding):
(hyperref)                removing `\@@overline' on input line 23005.


Package hyperref Warning: Token not allowed in a PDF string (PDFDocEncoding):
(hyperref)                removing `\nabla' on input line 23005.


Package hyperref Warning: Token not allowed in a PDF string (PDFDocEncoding):
(hyperref)                removing `subscript' on input line 23005.


Package hyperref Warning: Token not allowed in a PDF string (PDFDocEncoding):
(hyperref)                removing `math shift' on input line 23005.

[415] [416] [417] [418] [419] [420] [421]

Package hyperref Warning: Token not allowed in a PDF string (PDFDocEncoding):
(hyperref)                removing `math shift' on input line 23382.


Package hyperref Warning: Token not allowed in a PDF string (PDFDocEncoding):
(hyperref)                removing `\Pi' on input line 23382.


Package hyperref Warning: Token not allowed in a PDF string (PDFDocEncoding):
(hyperref)                removing `subscript' on input line 23382.


Package hyperref Warning: Token not allowed in a PDF string (PDFDocEncoding):
(hyperref)                removing `math shift' on input line 23382.

[422] [423] [424] (./fig-trace.pdf_t
<fig-trace.pdf, id=9029, 263.98625pt x 205.76875pt>
File: fig-trace.pdf Graphic file (type pdf)
 <use fig-trace.pdf>
Package pdftex.def Info: fig-trace.pdf used on input line 2.
(pdftex.def)             Requested size: 263.9856pt x 205.76823pt.
)
[425 <./fig-trace.pdf>] [426] [427] [428] [429] [430] [431] [432]

Package hyperref Warning: Token not allowed in a PDF string (PDFDocEncoding):
(hyperref)                removing `math shift' on input line 24035.


Package hyperref Warning: Token not allowed in a PDF string (PDFDocEncoding):
(hyperref)                removing `\Pi' on input line 24035.


Package hyperref Warning: Token not allowed in a PDF string (PDFDocEncoding):
(hyperref)                removing `subscript' on input line 24035.


Package hyperref Warning: Token not allowed in a PDF string (PDFDocEncoding):
(hyperref)                removing `math shift' on input line 24035.


Package hyperref Warning: Token not allowed in a PDF string (PDFDocEncoding):
(hyperref)                removing `math shift' on input line 24035.


Package hyperref Warning: Token not allowed in a PDF string (PDFDocEncoding):
(hyperref)                removing `subscript' on input line 24035.


Package hyperref Warning: Token not allowed in a PDF string (PDFDocEncoding):
(hyperref)                removing `math shift' on input line 24035.

[433] [434] [435] (./fig-extO.pdf_t
<fig-extO.pdf, id=9220, 165.61874pt x 104.39pt>
File: fig-extO.pdf Graphic file (type pdf)
 <use fig-extO.pdf>
Package pdftex.def Info: fig-extO.pdf used on input line 2.
(pdftex.def)             Requested size: 165.61833pt x 104.38972pt.
) [436 <./fig-extO.pdf>]

Package hyperref Warning: Token not allowed in a PDF string (PDFDocEncoding):
(hyperref)                removing `math shift' on input line 24318.


Package hyperref Warning: Token not allowed in a PDF string (PDFDocEncoding):
(hyperref)                removing `\Pi' on input line 24318.


Package hyperref Warning: Token not allowed in a PDF string (PDFDocEncoding):
(hyperref)                removing `subscript' on input line 24318.


Package hyperref Warning: Token not allowed in a PDF string (PDFDocEncoding):
(hyperref)                removing `math shift' on input line 24318.


Package hyperref Warning: Token not allowed in a PDF string (PDFDocEncoding):
(hyperref)                removing `math shift' on input line 24318.


Package hyperref Warning: Token not allowed in a PDF string (PDFDocEncoding):
(hyperref)                removing `subscript' on input line 24318.


Package hyperref Warning: Token not allowed in a PDF string (PDFDocEncoding):
(hyperref)                removing `math shift' on input line 24318.

[437] [438]
Appendix C.
[439


] [440] [441] [442] [443] [444] [445] [446] [447] [448] [449] [450]
[451] [452] [453] [454] [455] [456


]
Appendix D.

Package hyperref Warning: Token not allowed in a PDF string (PDFDocEncoding):
(hyperref)                removing `math shift' on input line 25306.


Package hyperref Warning: Token not allowed in a PDF string (PDFDocEncoding):
(hyperref)                removing `superscript' on input line 25306.


Package hyperref Warning: Token not allowed in a PDF string (PDFDocEncoding):
(hyperref)                removing `math shift' on input line 25306.

[457] [458] [459] [460] [461] [462]
Overfull \hbox (4.269pt too wide) in paragraph at lines 25602--25605
[]\OT1/cmr/bx/sc/10 (Derivatives in the sense of dis-tri-bu-tions, weak deriva-

 []

[463] [464] [465] [466] [467] [468


]
Appendix E.
(./figNum/well1.pdf_t <figNum/well1.pdf, id=9588, 229.85875pt x 116.435pt>
File: figNum/well1.pdf Graphic file (type pdf)

<use figNum/well1.pdf>
Package pdftex.def Info: figNum/well1.pdf used on input line 2.
(pdftex.def)             Requested size: 229.85817pt x 116.43471pt.
LaTeX Font Info:    Calculating math sizes for size <14> on input line 14.
) [469]
<figNum/radial3D.png, id=9599, 663.47874pt x 782.925pt>
File: figNum/radial3D.png Graphic file (type png)

<use figNum/radial3D.png>
Package pdftex.def Info: figNum/radial3D.png used on input line 25860.
(pdftex.def)             Requested size: 79.61401pt x 93.94695pt.

<figNum/rac_quad.png, id=9600, 855.195pt x 724.7075pt>
File: figNum/rac_quad.png Graphic file (type png)

<use figNum/rac_quad.png>
Package pdftex.def Info: figNum/rac_quad.png used on input line 25861.
(pdftex.def)             Requested size: 102.61897pt x 86.96114pt.
 [470 <./figNum/well1.pdf> <./figNum/radial3D.png (PNG copy)> <./figNum/rac_qua
d.png (PNG copy)>]
<figNum/coupe806_1.pdf, id=9617, 5691.2625pt x 2845.63126pt>
File: figNum/coupe806_1.pdf Graphic file (type pdf)

<use figNum/coupe806_1.pdf>
Package pdftex.def Info: figNum/coupe806_1.pdf used on input line 25909.
(pdftex.def)             Requested size: 142.24648pt x 71.12323pt.

<figNum/coupe806_3.pdf, id=9618, 5691.2625pt x 5691.2625pt>
File: figNum/coupe806_3.pdf Graphic file (type pdf)

<use figNum/coupe806_3.pdf>
Package pdftex.def Info: figNum/coupe806_3.pdf used on input line 25909.
(pdftex.def)             Requested size: 142.24648pt x 142.24648pt.

Overfull \vbox (123.54651pt too high) detected at line 25909
 []

<figNum/coupe806_2.pdf, id=9619, 5691.2625pt x 2845.63126pt>
File: figNum/coupe806_2.pdf Graphic file (type pdf)

<use figNum/coupe806_2.pdf>
Package pdftex.def Info: figNum/coupe806_2.pdf used on input line 25910.
(pdftex.def)             Requested size: 142.24648pt x 71.12323pt.


Package hyperref Warning: Token not allowed in a PDF string (PDFDocEncoding):
(hyperref)                removing `math shift' on input line 25918.


Package hyperref Warning: Token not allowed in a PDF string (PDFDocEncoding):
(hyperref)                removing `math shift' on input line 25918.

[471 <./figNum/coupe806_1.pdf> <./figNum/coupe806_3.pdf> <./figNum/coupe806_2.p
df>] <figNum/casep1p5.pdf, id=9640, 612.2875pt x 461.725pt>
File: figNum/casep1p5.pdf Graphic file (type pdf)

<use figNum/casep1p5.pdf>
Package pdftex.def Info: figNum/casep1p5.pdf used on input line 25937.
(pdftex.def)             Requested size: 153.0715pt x 115.43097pt.
 <figNum/casep2.pdf, id=9641, 612.2875pt x 461.725pt>
File: figNum/casep2.pdf Graphic file (type pdf)

<use figNum/casep2.pdf>
Package pdftex.def Info: figNum/casep2.pdf used on input line 25939.
(pdftex.def)             Requested size: 153.0715pt x 115.43097pt.
 <figNum/casep4.pdf, id=9642, 612.2875pt x 461.725pt>
File: figNum/casep4.pdf Graphic file (type pdf)

<use figNum/casep4.pdf>
Package pdftex.def Info: figNum/casep4.pdf used on input line 25941.
(pdftex.def)             Requested size: 153.0715pt x 115.43097pt.
 [472] [473 <./figNum/casep1p5.pdf> <./figNum/casep2.pdf> <./figNum/casep4.pdf>
] <figNum/mesh1.pdf, id=9673, 489.83pt x 489.83pt>
File: figNum/mesh1.pdf Graphic file (type pdf)

<use figNum/mesh1.pdf>
Package pdftex.def Info: figNum/mesh1.pdf used on input line 26009.
(pdftex.def)             Requested size: 97.96426pt x 97.96426pt.

<figNum/profilp1p5.pdf, id=9674, 612.2875pt x 461.725pt>
File: figNum/profilp1p5.pdf Graphic file (type pdf)

<use figNum/profilp1p5.pdf>
Package pdftex.def Info: figNum/profilp1p5.pdf used on input line 26011.
(pdftex.def)             Requested size: 153.0715pt x 115.43097pt.

<figNum/profilp2.pdf, id=9675, 612.2875pt x 461.725pt>
File: figNum/profilp2.pdf Graphic file (type pdf)

<use figNum/profilp2.pdf>
Package pdftex.def Info: figNum/profilp2.pdf used on input line 26013.
(pdftex.def)             Requested size: 153.0715pt x 115.43097pt.

<figNum/profilp4.pdf, id=9676, 612.2875pt x 461.725pt>
File: figNum/profilp4.pdf Graphic file (type pdf)

<use figNum/profilp4.pdf>
Package pdftex.def Info: figNum/profilp4.pdf used on input line 26015.
(pdftex.def)             Requested size: 153.0715pt x 115.43097pt.
 [474 <./figNum/mesh1.pdf> <./figNum/profilp1p5.pdf> <./figNum/profilp2.pdf> <.
/figNum/profilp4.pdf>]
<figNum/filtre_x_T25.png, id=9706, 551.05875pt x 628.3475pt>
File: figNum/filtre_x_T25.png Graphic file (type png)

<use figNum/filtre_x_T25.png>
Package pdftex.def Info: figNum/filtre_x_T25.png used on input line 26092.
(pdftex.def)             Requested size: 104.70224pt x 119.38725pt.

<figNum/filtre_x_T50.png, id=9707, 551.05875pt x 628.3475pt>
File: figNum/filtre_x_T50.png Graphic file (type png)

<use figNum/filtre_x_T50.png>
Package pdftex.def Info: figNum/filtre_x_T50.png used on input line 26094.
(pdftex.def)             Requested size: 104.70224pt x 119.38725pt.

<figNum/filtre_x_T75.png, id=9708, 551.05875pt x 628.3475pt>
File: figNum/filtre_x_T75.png Graphic file (type png)

<use figNum/filtre_x_T75.png>
Package pdftex.def Info: figNum/filtre_x_T75.png used on input line 26096.
(pdftex.def)             Requested size: 104.70224pt x 119.38725pt.

<figNum/filtre_x_T100.png, id=9709, 551.05875pt x 628.3475pt>
File: figNum/filtre_x_T100.png Graphic file (type png)

<use figNum/filtre_x_T100.png>
Package pdftex.def Info: figNum/filtre_x_T100.png used on input line 26098.
(pdftex.def)             Requested size: 104.70224pt x 119.38725pt.

Overfull \hbox (18.83379pt too wide) has occurred while \output is active
 \OT1/cmr/m/n/9 E.3 An example of the application of the GDM to a degenerate pa
rabolic problem []
 []

[475] <figNum/filtre_diag_T25.png, id=9720, 583.17876pt x 628.3475pt>
File: figNum/filtre_diag_T25.png Graphic file (type png)

<use figNum/filtre_diag_T25.png>
Package pdftex.def Info: figNum/filtre_diag_T25.png used on input line 26106.
(pdftex.def)             Requested size: 107.88638pt x 116.24246pt.

<figNum/filtre_diag_T50.png, id=9721, 583.17876pt x 628.3475pt>
File: figNum/filtre_diag_T50.png Graphic file (type png)

<use figNum/filtre_diag_T50.png>
Package pdftex.def Info: figNum/filtre_diag_T50.png used on input line 26108.
(pdftex.def)             Requested size: 107.88638pt x 116.24246pt.

<figNum/filtre_diag_T75.png, id=9722, 583.17876pt x 628.3475pt>
File: figNum/filtre_diag_T75.png Graphic file (type png)

<use figNum/filtre_diag_T75.png>
Package pdftex.def Info: figNum/filtre_diag_T75.png used on input line 26110.
(pdftex.def)             Requested size: 107.88638pt x 116.24246pt.

<figNum/filtre_diag_T100.png, id=9723, 583.17876pt x 628.3475pt>
File: figNum/filtre_diag_T100.png Graphic file (type png)

<use figNum/filtre_diag_T100.png>
Package pdftex.def Info: figNum/filtre_diag_T100.png used on input line 26112.
(pdftex.def)             Requested size: 107.88638pt x 116.24246pt.

<figNum/cart_T25.png, id=9724, 1173.38374pt x 628.3475pt>
File: figNum/cart_T25.png Graphic file (type png)

<use figNum/cart_T25.png>
Package pdftex.def Info: figNum/cart_T25.png used on input line 26123.
(pdftex.def)             Requested size: 98.5319pt x 92.61256pt.

<figNum/rand_T25.png, id=9726, 1173.38374pt x 628.3475pt>
File: figNum/rand_T25.png Graphic file (type png)

<use figNum/rand_T25.png>
Package pdftex.def Info: figNum/rand_T25.png used on input line 26125.
(pdftex.def)             Requested size: 98.5319pt x 92.61256pt.

<figNum/tri_T25.png, id=9728, 1173.38374pt x 628.3475pt>
File: figNum/tri_T25.png Graphic file (type png)

<use figNum/tri_T25.png>
Package pdftex.def Info: figNum/tri_T25.png used on input line 26127.
(pdftex.def)             Requested size: 98.5319pt x 92.61256pt.

<figNum/ker_T25.png, id=9730, 1173.38374pt x 628.3475pt>
File: figNum/ker_T25.png Graphic file (type png)

<use figNum/ker_T25.png>
Package pdftex.def Info: figNum/ker_T25.png used on input line 26129.
(pdftex.def)             Requested size: 119.01701pt x 92.61256pt.

<figNum/cart_T50.png, id=9732, 1173.38374pt x 628.3475pt>
File: figNum/cart_T50.png Graphic file (type png)

<use figNum/cart_T50.png>
Package pdftex.def Info: figNum/cart_T50.png used on input line 26138.
(pdftex.def)             Requested size: 98.5319pt x 92.61256pt.

<figNum/rand_T50.png, id=9734, 1173.38374pt x 628.3475pt>
File: figNum/rand_T50.png Graphic file (type png)

<use figNum/rand_T50.png>
Package pdftex.def Info: figNum/rand_T50.png used on input line 26140.
(pdftex.def)             Requested size: 98.5319pt x 92.61256pt.

<figNum/tri_T50.png, id=9736, 1173.38374pt x 628.3475pt>
File: figNum/tri_T50.png Graphic file (type png)

<use figNum/tri_T50.png>
Package pdftex.def Info: figNum/tri_T50.png used on input line 26142.
(pdftex.def)             Requested size: 98.5319pt x 92.61256pt.

<figNum/ker_T50.png, id=9738, 1173.38374pt x 628.3475pt>
File: figNum/ker_T50.png Graphic file (type png)

<use figNum/ker_T50.png>
Package pdftex.def Info: figNum/ker_T50.png used on input line 26144.
(pdftex.def)             Requested size: 119.01701pt x 92.61256pt.

<figNum/cart_T75.png, id=9740, 1173.38374pt x 628.3475pt>
File: figNum/cart_T75.png Graphic file (type png)

<use figNum/cart_T75.png>
Package pdftex.def Info: figNum/cart_T75.png used on input line 26153.
(pdftex.def)             Requested size: 98.5319pt x 92.61256pt.

<figNum/rand_T75.png, id=9742, 1173.38374pt x 628.3475pt>
File: figNum/rand_T75.png Graphic file (type png)

<use figNum/rand_T75.png>
Package pdftex.def Info: figNum/rand_T75.png used on input line 26155.
(pdftex.def)             Requested size: 98.5319pt x 92.61256pt.

<figNum/tri_T75.png, id=9744, 1173.38374pt x 628.3475pt>
File: figNum/tri_T75.png Graphic file (type png)

<use figNum/tri_T75.png>
Package pdftex.def Info: figNum/tri_T75.png used on input line 26157.
(pdftex.def)             Requested size: 98.5319pt x 92.61256pt.

<figNum/ker_T75.png, id=9746, 1173.38374pt x 628.3475pt>
File: figNum/ker_T75.png Graphic file (type png)

<use figNum/ker_T75.png>
Package pdftex.def Info: figNum/ker_T75.png used on input line 26159.
(pdftex.def)             Requested size: 119.01701pt x 92.61256pt.

<figNum/cart_T100.png, id=9748, 1173.38374pt x 628.3475pt>
File: figNum/cart_T100.png Graphic file (type png)

<use figNum/cart_T100.png>
Package pdftex.def Info: figNum/cart_T100.png used on input line 26170.
(pdftex.def)             Requested size: 98.5319pt x 92.61256pt.

<figNum/rand_T100.png, id=9750, 1173.38374pt x 628.3475pt>
File: figNum/rand_T100.png Graphic file (type png)

<use figNum/rand_T100.png>
Package pdftex.def Info: figNum/rand_T100.png used on input line 26172.
(pdftex.def)             Requested size: 98.5319pt x 92.61256pt.

<figNum/tri_T100.png, id=9752, 1173.38374pt x 628.3475pt>
File: figNum/tri_T100.png Graphic file (type png)

<use figNum/tri_T100.png>
Package pdftex.def Info: figNum/tri_T100.png used on input line 26174.
(pdftex.def)             Requested size: 98.5319pt x 92.61256pt.

<figNum/ker_T100.png, id=9754, 1173.38374pt x 628.3475pt>
File: figNum/ker_T100.png Graphic file (type png)

<use figNum/ker_T100.png>
Package pdftex.def Info: figNum/ker_T100.png used on input line 26176.
(pdftex.def)             Requested size: 119.01701pt x 92.61256pt.
 [476 <./figNum/filtre_x_T25.png (PNG copy)> <./figNum/filtre_x_T50.png (PNG co
py)> <./figNum/filtre_x_T75.png (PNG copy)> <./figNum/filtre_x_T100.png (PNG co
py)>]
Overfull \hbox (18.83379pt too wide) has occurred while \output is active
 \OT1/cmr/m/n/9 E.3 An example of the application of the GDM to a degenerate pa
rabolic problem []
 []

[477 <./figNum/filtre_diag_T25.png (PNG copy)> <./figNum/filtre_diag_T50.png (P
NG copy)> <./figNum/filtre_diag_T75.png (PNG copy)> <./figNum/filtre_diag_T100.
png (PNG copy)>] [478 <./figNum/cart_T25.png (PNG copy)> <./figNum/rand_T25.png
 (PNG copy)> <./figNum/tri_T25.png (PNG copy)> <./figNum/ker_T25.png (PNG copy)
> <./figNum/cart_T50.png (PNG copy)> <./figNum/rand_T50.png (PNG copy)> <./figN
um/tri_T50.png (PNG copy)> <./figNum/ker_T50.png (PNG copy)>]
Overfull \hbox (18.83379pt too wide) has occurred while \output is active
 \OT1/cmr/m/n/9 E.3 An example of the application of the GDM to a degenerate pa
rabolic problem []
 []

[479 <./figNum/cart_T75.png (PNG copy)> <./figNum/rand_T75.png (PNG copy)> <./f
igNum/tri_T75.png (PNG copy)> <./figNum/ker_T75.png (PNG copy)> <./figNum/cart_
T100.png (PNG copy)> <./figNum/rand_T100.png (PNG copy)> <./figNum/tri_T100.png
 (PNG copy)> <./figNum/ker_T100.png (PNG copy)>] [480


] (./gdm.bbl [481


]
[482] [483] [484]
Underfull \hbox (badness 5726) in paragraph at lines 405--409
[]\OT1/cmr/m/n/9 J. Dro-niou.  Int^^Segration et es-paces de sobolev ^^Ra valeu
rs vec-to-
 []


Underfull \hbox (badness 2269) in paragraph at lines 405--409
\OT1/cmr/m/n/9 rielles.  Poly-copi^^Ses de l'Ecole Doc-tor-ale de Maths-Info de
 Mar-seille.
 []

[485] [486] [487] [488]) [489] (./gdm.abd [490] [491

]) (./gdm.ind
Overfull \hbox (2.3892pt too wide) in paragraph at lines 11--15
[]\OT1/cmr/m/n/10 barycentric con-den-sa-tion, 202, 228--
 []


Overfull \hbox (7.55585pt too wide) in paragraph at lines 44--46
[]\OT1/cmr/m/n/10 compatible dis-crete op-er-a-tor (CDO),
 []

[492


]
Overfull \hbox (6.52809pt too wide) in paragraph at lines 172--173
\OT1/cmr/m/n/10 degenerate parabolic prob-lem, 165 
 []


Overfull \hbox (24.83368pt too wide) in paragraph at lines 196--198
[]\OT1/cmr/m/n/10 hybrid mimetic fi-nite dif-fer-ence (hMFD),
 []

[493]
Overfull \hbox (25.66818pt too wide) in paragraph at lines 260--262
[]\OT1/cmr/m/n/10 Poincar^^Se in-equal-ity, \OT1/cmr/m/it/10 see \OT1/cmr/m/n/1
0 dis-crete Poincar^^Se
 []


Overfull \hbox (5.4864pt too wide) in paragraph at lines 335--337
[]\OT1/cmr/m/n/10 vertex ap-prox-i-mate gra-di-ent (VAG),
 []

[494] [495

]) (./gdm.aux) ) 
Here is how much of TeX's memory you used:
 34542 strings out of 493089
 653035 string characters out of 6134842
 797675 words of memory out of 5000000
 34757 multiletter control sequences out of 15000+600000
 40659 words of font info for 157 fonts, out of 8000000 for 9000
 1141 hyphenation exceptions out of 8191
 63i,24n,101p,10417b,957s stack positions out of 5000i,500n,10000p,200000b,80000s
</usr/local/texlive/2015/texmf-dist/fonts/type1/public/amsfonts
/cm/cmbsy10.pfb></usr/local/texlive/2015/texmf-dist/fonts/type1/public/amsfonts
/cmextra/cmbsy7.pfb></usr/local/texlive/2015/texmf-dist/fonts/type1/public/amsf
onts/cmextra/cmbsy8.pfb></usr/local/texlive/2015/texmf-dist/fonts/type1/public/
amsfonts/cm/cmbx10.pfb></usr/local/texlive/2015/texmf-dist/fonts/type1/public/a
msfonts/cm/cmbx12.pfb></usr/local/texlive/2015/texmf-dist/fonts/type1/public/am
sfonts/cm/cmbx5.pfb></usr/local/texlive/2015/texmf-dist/fonts/type1/public/amsf
onts/cm/cmbx7.pfb></usr/local/texlive/2015/texmf-dist/fonts/type1/public/amsfon
ts/cm/cmbx8.pfb></usr/local/texlive/2015/texmf-dist/fonts/type1/public/amsfonts
/cm/cmbx9.pfb></usr/local/texlive/2015/texmf-dist/fonts/type1/public/amsfonts/c
m/cmbxti10.pfb></usr/local/texlive/2015/texmf-dist/fonts/type1/public/amsfonts/
cm/cmcsc10.pfb></usr/local/texlive/2015/texmf-dist/fonts/type1/public/amsfonts/
cm/cmex10.pfb></usr/local/texlive/2015/texmf-dist/fonts/type1/public/amsfonts/c
mextra/cmex7.pfb></usr/local/texlive/2015/texmf-dist/fonts/type1/public/amsfont
s/cmextra/cmex9.pfb></usr/local/texlive/2015/texmf-dist/fonts/type1/public/amsf
onts/cm/cmmi10.pfb></usr/local/texlive/2015/texmf-dist/fonts/type1/public/amsfo
nts/cm/cmmi12.pfb></usr/local/texlive/2015/texmf-dist/fonts/type1/public/amsfon
ts/cm/cmmi5.pfb></usr/local/texlive/2015/texmf-dist/fonts/type1/public/amsfonts
/cm/cmmi6.pfb></usr/local/texlive/2015/texmf-dist/fonts/type1/public/amsfonts/c
m/cmmi7.pfb></usr/local/texlive/2015/texmf-dist/fonts/type1/public/amsfonts/cm/
cmmi8.pfb></usr/local/texlive/2015/texmf-dist/fonts/type1/public/amsfonts/cm/cm
mi9.pfb></usr/local/texlive/2015/texmf-dist/fonts/type1/public/amsfonts/cm/cmmi
b10.pfb></usr/local/texlive/2015/texmf-dist/fonts/type1/public/amsfonts/cmextra
/cmmib5.pfb></usr/local/texlive/2015/texmf-dist/fonts/type1/public/amsfonts/cme
xtra/cmmib6.pfb></usr/local/texlive/2015/texmf-dist/fonts/type1/public/amsfonts
/cmextra/cmmib7.pfb></usr/local/texlive/2015/texmf-dist/fonts/type1/public/amsf
onts/cmextra/cmmib8.pfb></usr/local/texlive/2015/texmf-dist/fonts/type1/public/
amsfonts/cmextra/cmmib9.pfb></usr/local/texlive/2015/texmf-dist/fonts/type1/pub
lic/amsfonts/cm/cmr10.pfb></usr/local/texlive/2015/texmf-dist/fonts/type1/publi
c/amsfonts/cm/cmr12.pfb></usr/local/texlive/2015/texmf-dist/fonts/type1/public/
amsfonts/cm/cmr17.pfb></usr/local/texlive/2015/texmf-dist/fonts/type1/public/am
sfonts/cm/cmr5.pfb></usr/local/texlive/2015/texmf-dist/fonts/type1/public/amsfo
nts/cm/cmr6.pfb></usr/local/texlive/2015/texmf-dist/fonts/type1/public/amsfonts
/cm/cmr7.pfb></usr/local/texlive/2015/texmf-dist/fonts/type1/public/amsfonts/cm
/cmr8.pfb></usr/local/texlive/2015/texmf-dist/fonts/type1/public/amsfonts/cm/cm
r9.pfb></usr/local/texlive/2015/texmf-dist/fonts/type1/public/amsfonts/cm/cmsy1
0.pfb></usr/local/texlive/2015/texmf-dist/fonts/type1/public/amsfonts/cm/cmsy5.
pfb></usr/local/texlive/2015/texmf-dist/fonts/type1/public/amsfonts/cm/cmsy6.pf
b></usr/local/texlive/2015/texmf-dist/fonts/type1/public/amsfonts/cm/cmsy7.pfb>
</usr/local/texlive/2015/texmf-dist/fonts/type1/public/amsfonts/cm/cmsy8.pfb></
usr/local/texlive/2015/texmf-dist/fonts/type1/public/amsfonts/cm/cmsy9.pfb></us
r/local/texlive/2015/texmf-dist/fonts/type1/public/amsfonts/cm/cmti10.pfb></usr
/local/texlive/2015/texmf-dist/fonts/type1/public/amsfonts/cm/cmti7.pfb></usr/l
ocal/texlive/2015/texmf-dist/fonts/type1/public/amsfonts/cm/cmti9.pfb></usr/loc
al/texlive/2015/texmf-dist/fonts/type1/public/amsfonts/cm/cmtt10.pfb></usr/loca
l/texlive/2015/texmf-dist/fonts/type1/public/amsfonts/cm/cmtt9.pfb></usr/local/
texlive/2015/texmf-dist/fonts/type1/public/amsfonts/euler/eufb7.pfb></usr/local
/texlive/2015/texmf-dist/fonts/type1/public/amsfonts/euler/eufm10.pfb></usr/loc
al/texlive/2015/texmf-dist/fonts/type1/public/amsfonts/euler/eufm5.pfb></usr/lo
cal/texlive/2015/texmf-dist/fonts/type1/public/amsfonts/euler/eufm7.pfb></usr/l
ocal/texlive/2015/texmf-dist/fonts/type1/public/amsfonts/symbols/msam10.pfb></u
sr/local/texlive/2015/texmf-dist/fonts/type1/public/amsfonts/symbols/msbm10.pfb
></usr/local/texlive/2015/texmf-dist/fonts/type1/public/amsfonts/symbols/msbm7.
pfb>
Output written on gdm.pdf (511 pages, 3997623 bytes).
PDF statistics:
 10604 PDF objects out of 10688 (max. 8388607)
 9824 compressed objects within 99 object streams
 2625 named destinations out of 2984 (max. 500000)
 1999 words of extra memory for PDF output out of 10000 (max. 10000000)

